CPU Reset (CPU 0)
EAX=00000000 EBX=00000000 ECX=00000000 EDX=00000000
ESI=00000000 EDI=00000000 EBP=00000000 ESP=00000000
EIP=00000000 EFL=00000000 [-------] CPL=0 II=0 A20=0 SMM=0 HLT=0
ES =0000 00000000 00000000 00000000
CS =0000 00000000 00000000 00000000
SS =0000 00000000 00000000 00000000
DS =0000 00000000 00000000 00000000
FS =0000 00000000 00000000 00000000
GS =0000 00000000 00000000 00000000
LDT=0000 00000000 00000000 00000000
TR =0000 00000000 00000000 00000000
GDT=     00000000 00000000
IDT=     00000000 00000000
CR0=00000000 CR2=00000000 CR3=00000000 CR4=00000000
DR0=0000000000000000 DR1=0000000000000000 DR2=0000000000000000 DR3=0000000000000000 
DR6=0000000000000000 DR7=0000000000000000
CCS=00000000 CCD=00000000 CCO=DYNAMIC
EFER=0000000000000000
FCW=0000 FSW=0000 [ST=0] FTW=ff MXCSR=00000000
FPR0=0000000000000000 0000 FPR1=0000000000000000 0000
FPR2=0000000000000000 0000 FPR3=0000000000000000 0000
FPR4=0000000000000000 0000 FPR5=0000000000000000 0000
FPR6=0000000000000000 0000 FPR7=0000000000000000 0000
XMM00=0000000000000000 0000000000000000 XMM01=0000000000000000 0000000000000000
XMM02=0000000000000000 0000000000000000 XMM03=0000000000000000 0000000000000000
XMM04=0000000000000000 0000000000000000 XMM05=0000000000000000 0000000000000000
XMM06=0000000000000000 0000000000000000 XMM07=0000000000000000 0000000000000000
CPU Reset (CPU 0)
EAX=00000000 EBX=00000000 ECX=00000000 EDX=00060fb1
ESI=00000000 EDI=00000000 EBP=00000000 ESP=00000000
EIP=0000fff0 EFL=00000002 [-------] CPL=0 II=0 A20=1 SMM=0 HLT=0
ES =0000 00000000 0000ffff 00009300
CS =f000 ffff0000 0000ffff 00009b00
SS =0000 00000000 0000ffff 00009300
DS =0000 00000000 0000ffff 00009300
FS =0000 00000000 0000ffff 00009300
GS =0000 00000000 0000ffff 00009300
LDT=0000 00000000 0000ffff 00008200
TR =0000 00000000 0000ffff 00008b00
GDT=     00000000 0000ffff
IDT=     00000000 0000ffff
CR0=60000010 CR2=00000000 CR3=00000000 CR4=00000000
DR0=0000000000000000 DR1=0000000000000000 DR2=0000000000000000 DR3=0000000000000000 
DR6=00000000ffff0ff0 DR7=0000000000000400
CCS=00000000 CCD=00000000 CCO=DYNAMIC
EFER=0000000000000000
FCW=037f FSW=0000 [ST=0] FTW=00 MXCSR=00001f80
FPR0=0000000000000000 0000 FPR1=0000000000000000 0000
FPR2=0000000000000000 0000 FPR3=0000000000000000 0000
FPR4=0000000000000000 0000 FPR5=0000000000000000 0000
FPR6=0000000000000000 0000 FPR7=0000000000000000 0000
XMM00=0000000000000000 0000000000000000 XMM01=0000000000000000 0000000000000000
XMM02=0000000000000000 0000000000000000 XMM03=0000000000000000 0000000000000000
XMM04=0000000000000000 0000000000000000 XMM05=0000000000000000 0000000000000000
XMM06=0000000000000000 0000000000000000 XMM07=0000000000000000 0000000000000000
SMM: enter
EAX=00000000 EBX=00000000 ECX=02000000 EDX=02000628
ESI=0000000b EDI=02000000 EBP=00014de0 ESP=00006c5c
EIP=000ea6bd EFL=00000046 [---Z-P-] CPL=0 II=0 A20=1 SMM=0 HLT=0
ES =0010 00000000 ffffffff 00cf9300 DPL=0 DS   [-WA]
CS =0008 00000000 ffffffff 00cf9b00 DPL=0 CS32 [-RA]
SS =0010 00000000 ffffffff 00cf9300 DPL=0 DS   [-WA]
DS =0010 00000000 ffffffff 00cf9300 DPL=0 DS   [-WA]
FS =0010 00000000 ffffffff 00cf9300 DPL=0 DS   [-WA]
GS =0010 00000000 ffffffff 00cf9300 DPL=0 DS   [-WA]
LDT=0000 00000000 0000ffff 00008200 DPL=0 LDT
TR =0000 00000000 0000ffff 00008b00 DPL=0 TSS32-busy
GDT=     000f6180 00000037
IDT=     000f61be 00000000
CR0=00000011 CR2=00000000 CR3=00000000 CR4=00000000
DR0=0000000000000000 DR1=0000000000000000 DR2=0000000000000000 DR3=0000000000000000 
DR6=00000000ffff0ff0 DR7=0000000000000400
CCS=00000000 CCD=ffffffff CCO=CLR
EFER=0000000000000000
SMM: after RSM
EAX=00000000 EBX=00000000 ECX=02000000 EDX=02000628
ESI=0000000b EDI=02000000 EBP=00014de0 ESP=00006c5c
EIP=000ea6bd EFL=00000046 [---Z-P-] CPL=0 II=0 A20=1 SMM=0 HLT=0
ES =0010 00000000 ffffffff 00c09300 DPL=0 DS   [-WA]
CS =0008 00000000 ffffffff 00c09b00 DPL=0 CS32 [-RA]
SS =0010 00000000 ffffffff 00c09300 DPL=0 DS   [-WA]
DS =0010 00000000 ffffffff 00c09300 DPL=0 DS   [-WA]
FS =0010 00000000 ffffffff 00c09300 DPL=0 DS   [-WA]
GS =0010 00000000 ffffffff 00c09300 DPL=0 DS   [-WA]
LDT=0000 00000000 0000ffff 00008200 DPL=0 LDT
TR =0000 00000000 0000ffff 00008b00 DPL=0 TSS32-busy
GDT=     000f6180 00000037
IDT=     000f61be 00000000
CR0=00000011 CR2=00000000 CR3=00000000 CR4=00000000
DR0=0000000000000000 DR1=0000000000000000 DR2=0000000000000000 DR3=0000000000000000 
DR6=00000000ffff0ff0 DR7=0000000000000400
CCS=00000044 CCD=00000000 CCO=EFLAGS
EFER=0000000000000000
SMM: enter
EAX=000000b5 EBX=000f7dc4 ECX=00001234 EDX=00006cff
ESI=00006cb4 EDI=0effeca6 EBP=00006c74 ESP=00006c74
EIP=00007dc1 EFL=00000006 [-----P-] CPL=0 II=0 A20=1 SMM=0 HLT=0
ES =d900 000d9000 ffffffff 008f9300
CS =f000 000f0000 ffffffff 008f9b00
SS =0000 00000000 ffffffff 008f9300
DS =0000 00000000 ffffffff 008f9300
FS =0000 00000000 ffffffff 008f9300
GS =0000 00000000 ffffffff 008f9300
LDT=0000 00000000 0000ffff 00008200
TR =0000 00000000 0000ffff 00008b00
GDT=     00000000 00000000
IDT=     00000000 000003ff
CR0=00000010 CR2=00000000 CR3=00000000 CR4=00000000
DR0=0000000000000000 DR1=0000000000000000 DR2=0000000000000000 DR3=0000000000000000 
DR6=00000000ffff0ff0 DR7=0000000000000400
CCS=00000000 CCD=00006c74 CCO=ADDL
EFER=0000000000000000
SMM: after RSM
EAX=000000b5 EBX=000f7dc4 ECX=00001234 EDX=00006cff
ESI=00006cb4 EDI=0effeca6 EBP=00006c74 ESP=00006c74
EIP=000f7dc4 EFL=00000046 [---Z-P-] CPL=0 II=0 A20=1 SMM=0 HLT=0
ES =0010 00000000 ffffffff 00c09300 DPL=0 DS   [-WA]
CS =0008 00000000 ffffffff 00c09b00 DPL=0 CS32 [-RA]
SS =0010 00000000 ffffffff 00c09300 DPL=0 DS   [-WA]
DS =0010 00000000 ffffffff 00c09300 DPL=0 DS   [-WA]
FS =0010 00000000 ffffffff 00c09300 DPL=0 DS   [-WA]
GS =0010 00000000 ffffffff 00c09300 DPL=0 DS   [-WA]
LDT=0000 00000000 0000ffff 00008200 DPL=0 LDT
TR =0000 00000000 0000ffff 00008b00 DPL=0 TSS32-busy
GDT=     000f6180 00000037
IDT=     000f61be 00000000
CR0=00000011 CR2=00000000 CR3=00000000 CR4=00000000
DR0=0000000000000000 DR1=0000000000000000 DR2=0000000000000000 DR3=0000000000000000 
DR6=00000000ffff0ff0 DR7=0000000000000400
CCS=00000044 CCD=00000000 CCO=EFLAGS
EFER=0000000000000000
SMM: enter
EAX=000000b5 EBX=00007dde ECX=00005678 EDX=0efe8c20
ESI=000e8420 EDI=0effeca6 EBP=00006c74 ESP=00006c74
EIP=000f7ddb EFL=00000016 [----AP-] CPL=0 II=0 A20=1 SMM=0 HLT=0
ES =0010 00000000 ffffffff 00c09300 DPL=0 DS   [-WA]
CS =0008 00000000 ffffffff 00c09b00 DPL=0 CS32 [-RA]
SS =0010 00000000 ffffffff 00c09300 DPL=0 DS   [-WA]
DS =0010 00000000 ffffffff 00c09300 DPL=0 DS   [-WA]
FS =0010 00000000 ffffffff 00c09300 DPL=0 DS   [-WA]
GS =0010 00000000 ffffffff 00c09300 DPL=0 DS   [-WA]
LDT=0000 00000000 0000ffff 00008200 DPL=0 LDT
TR =0000 00000000 0000ffff 00008b00 DPL=0 TSS32-busy
GDT=     000f6180 00000037
IDT=     000f61be 00000000
CR0=00000011 CR2=00000000 CR3=00000000 CR4=00000000
DR0=0000000000000000 DR1=0000000000000000 DR2=0000000000000000 DR3=0000000000000000 
DR6=00000000ffff0ff0 DR7=0000000000000400
CCS=00000008 CCD=00006c60 CCO=ADDL
EFER=0000000000000000
SMM: after RSM
EAX=000000b5 EBX=00007dde ECX=00005678 EDX=0efe8c20
ESI=000e8420 EDI=0effeca6 EBP=00006c74 ESP=00006c74
EIP=00007dde EFL=00000006 [-----P-] CPL=0 II=0 A20=1 SMM=0 HLT=0
ES =d900 000d9000 ffffffff 00809300
CS =f000 000f0000 ffffffff 00809b00
SS =0000 00000000 ffffffff 00809300
DS =0000 00000000 ffffffff 00809300
FS =0000 00000000 ffffffff 00809300
GS =0000 00000000 ffffffff 00809300
LDT=0000 00000000 0000ffff 00008200
TR =0000 00000000 0000ffff 00008b00
GDT=     00000000 00000000
IDT=     00000000 000003ff
CR0=00000010 CR2=00000000 CR3=00000000 CR4=00000000
DR0=0000000000000000 DR1=0000000000000000 DR2=0000000000000000 DR3=0000000000000000 
DR6=00000000ffff0ff0 DR7=0000000000000400
CCS=00000004 CCD=00000001 CCO=EFLAGS
EFER=0000000000000000
SMM: enter
EAX=000000b5 EBX=000f7dc4 ECX=00001234 EDX=000069ff
ESI=00006996 EDI=0effeca6 EBP=00006956 ESP=00006956
EIP=00007dc1 EFL=00000006 [-----P-] CPL=0 II=0 A20=1 SMM=0 HLT=0
ES =d900 000d9000 ffffffff 008f9300
CS =f000 000f0000 ffffffff 008f9b00
SS =0000 00000000 ffffffff 008f9300
DS =0000 00000000 ffffffff 008f9300
FS =0000 00000000 ffffffff 008f9300
GS =ca00 000ca000 ffffffff 008f9300
LDT=0000 00000000 0000ffff 00008200
TR =0000 00000000 0000ffff 00008b00
GDT=     00000000 00000000
IDT=     00000000 000003ff
CR0=00000010 CR2=00000000 CR3=00000000 CR4=00000000
DR0=0000000000000000 DR1=0000000000000000 DR2=0000000000000000 DR3=0000000000000000 
DR6=00000000ffff0ff0 DR7=0000000000000400
CCS=00000000 CCD=00006956 CCO=ADDL
EFER=0000000000000000
SMM: after RSM
EAX=000000b5 EBX=000f7dc4 ECX=00001234 EDX=000069ff
ESI=00006996 EDI=0effeca6 EBP=00006956 ESP=00006956
EIP=000f7dc4 EFL=00000046 [---Z-P-] CPL=0 II=0 A20=1 SMM=0 HLT=0
ES =0010 00000000 ffffffff 00c09300 DPL=0 DS   [-WA]
CS =0008 00000000 ffffffff 00c09b00 DPL=0 CS32 [-RA]
SS =0010 00000000 ffffffff 00c09300 DPL=0 DS   [-WA]
DS =0010 00000000 ffffffff 00c09300 DPL=0 DS   [-WA]
FS =0010 00000000 ffffffff 00c09300 DPL=0 DS   [-WA]
GS =0010 00000000 ffffffff 00c09300 DPL=0 DS   [-WA]
LDT=0000 00000000 0000ffff 00008200 DPL=0 LDT
TR =0000 00000000 0000ffff 00008b00 DPL=0 TSS32-busy
GDT=     000f6180 00000037
IDT=     000f61be 00000000
CR0=00000011 CR2=00000000 CR3=00000000 CR4=00000000
DR0=0000000000000000 DR1=0000000000000000 DR2=0000000000000000 DR3=0000000000000000 
DR6=00000000ffff0ff0 DR7=0000000000000400
CCS=00000044 CCD=00000000 CCO=EFLAGS
EFER=0000000000000000
SMM: enter
EAX=000000b5 EBX=00007dde ECX=00005678 EDX=00000005
ESI=00000000 EDI=0effeca6 EBP=00006956 ESP=00006956
EIP=000f7ddb EFL=00000016 [----AP-] CPL=0 II=0 A20=1 SMM=0 HLT=0
ES =0010 00000000 ffffffff 00c09300 DPL=0 DS   [-WA]
CS =0008 00000000 ffffffff 00c09b00 DPL=0 CS32 [-RA]
SS =0010 00000000 ffffffff 00c09300 DPL=0 DS   [-WA]
DS =0010 00000000 ffffffff 00c09300 DPL=0 DS   [-WA]
FS =0010 00000000 ffffffff 00c09300 DPL=0 DS   [-WA]
GS =0010 00000000 ffffffff 00c09300 DPL=0 DS   [-WA]
LDT=0000 00000000 0000ffff 00008200 DPL=0 LDT
TR =0000 00000000 0000ffff 00008b00 DPL=0 TSS32-busy
GDT=     000f6180 00000037
IDT=     000f61be 00000000
CR0=00000011 CR2=00000000 CR3=00000000 CR4=00000000
DR0=0000000000000000 DR1=0000000000000000 DR2=0000000000000000 DR3=0000000000000000 
DR6=00000000ffff0ff0 DR7=0000000000000400
CCS=00000008 CCD=00006942 CCO=ADDL
EFER=0000000000000000
SMM: after RSM
EAX=000000b5 EBX=00007dde ECX=00005678 EDX=00000005
ESI=00000000 EDI=0effeca6 EBP=00006956 ESP=00006956
EIP=00007dde EFL=00000006 [-----P-] CPL=0 II=0 A20=1 SMM=0 HLT=0
ES =d900 000d9000 ffffffff 00809300
CS =f000 000f0000 ffffffff 00809b00
SS =0000 00000000 ffffffff 00809300
DS =0000 00000000 ffffffff 00809300
FS =0000 00000000 ffffffff 00809300
GS =ca00 000ca000 ffffffff 00809300
LDT=0000 00000000 0000ffff 00008200
TR =0000 00000000 0000ffff 00008b00
GDT=     00000000 00000000
IDT=     00000000 000003ff
CR0=00000010 CR2=00000000 CR3=00000000 CR4=00000000
DR0=0000000000000000 DR1=0000000000000000 DR2=0000000000000000 DR3=0000000000000000 
DR6=00000000ffff0ff0 DR7=0000000000000400
CCS=00000004 CCD=00000001 CCO=EFLAGS
EFER=0000000000000000
SMM: enter
EAX=000000b5 EBX=000f7dc4 ECX=00001234 EDX=000069ff
ESI=00006990 EDI=0effeca6 EBP=00006950 ESP=00006950
EIP=00007dc1 EFL=00000006 [-----P-] CPL=0 II=0 A20=1 SMM=0 HLT=0
ES =d900 000d9000 ffffffff 00809300
CS =f000 000f0000 ffffffff 00809b00
SS =0000 00000000 ffffffff 00809300
DS =0000 00000000 ffffffff 00809300
FS =0000 00000000 ffffffff 00809300
GS =ca00 000ca000 ffffffff 00809300
LDT=0000 00000000 0000ffff 00008200
TR =0000 00000000 0000ffff 00008b00
GDT=     00000000 00000000
IDT=     00000000 000003ff
CR0=00000010 CR2=00000000 CR3=00000000 CR4=00000000
DR0=0000000000000000 DR1=0000000000000000 DR2=0000000000000000 DR3=0000000000000000 
DR6=00000000ffff0ff0 DR7=0000000000000400
CCS=00000000 CCD=00006950 CCO=ADDL
EFER=0000000000000000
SMM: after RSM
EAX=000000b5 EBX=000f7dc4 ECX=00001234 EDX=000069ff
ESI=00006990 EDI=0effeca6 EBP=00006950 ESP=00006950
EIP=000f7dc4 EFL=00000046 [---Z-P-] CPL=0 II=0 A20=1 SMM=0 HLT=0
ES =0010 00000000 ffffffff 00c09300 DPL=0 DS   [-WA]
CS =0008 00000000 ffffffff 00c09b00 DPL=0 CS32 [-RA]
SS =0010 00000000 ffffffff 00c09300 DPL=0 DS   [-WA]
DS =0010 00000000 ffffffff 00c09300 DPL=0 DS   [-WA]
FS =0010 00000000 ffffffff 00c09300 DPL=0 DS   [-WA]
GS =0010 00000000 ffffffff 00c09300 DPL=0 DS   [-WA]
LDT=0000 00000000 0000ffff 00008200 DPL=0 LDT
TR =0000 00000000 0000ffff 00008b00 DPL=0 TSS32-busy
GDT=     000f6180 00000037
IDT=     000f61be 00000000
CR0=00000011 CR2=00000000 CR3=00000000 CR4=00000000
DR0=0000000000000000 DR1=0000000000000000 DR2=0000000000000000 DR3=0000000000000000 
DR6=00000000ffff0ff0 DR7=0000000000000400
CCS=00000044 CCD=00000000 CCO=EFLAGS
EFER=0000000000000000
SMM: enter
EAX=000000b5 EBX=00007dde ECX=00005678 EDX=00000003
ESI=0efca0b0 EDI=0effeca6 EBP=00006950 ESP=00006950
EIP=000f7ddb EFL=00000006 [-----P-] CPL=0 II=0 A20=1 SMM=0 HLT=0
ES =0010 00000000 ffffffff 00c09300 DPL=0 DS   [-WA]
CS =0008 00000000 ffffffff 00c09b00 DPL=0 CS32 [-RA]
SS =0010 00000000 ffffffff 00c09300 DPL=0 DS   [-WA]
DS =0010 00000000 ffffffff 00c09300 DPL=0 DS   [-WA]
FS =0010 00000000 ffffffff 00c09300 DPL=0 DS   [-WA]
GS =0010 00000000 ffffffff 00c09300 DPL=0 DS   [-WA]
LDT=0000 00000000 0000ffff 00008200 DPL=0 LDT
TR =0000 00000000 0000ffff 00008b00 DPL=0 TSS32-busy
GDT=     000f6180 00000037
IDT=     000f61be 00000000
CR0=00000011 CR2=00000000 CR3=00000000 CR4=00000000
DR0=0000000000000000 DR1=0000000000000000 DR2=0000000000000000 DR3=0000000000000000 
DR6=00000000ffff0ff0 DR7=0000000000000400
CCS=00000008 CCD=0000693c CCO=ADDL
EFER=0000000000000000
SMM: after RSM
EAX=000000b5 EBX=00007dde ECX=00005678 EDX=00000003
ESI=0efca0b0 EDI=0effeca6 EBP=00006950 ESP=00006950
EIP=00007dde EFL=00000006 [-----P-] CPL=0 II=0 A20=1 SMM=0 HLT=0
ES =d900 000d9000 ffffffff 00809300
CS =f000 000f0000 ffffffff 00809b00
SS =0000 00000000 ffffffff 00809300
DS =0000 00000000 ffffffff 00809300
FS =0000 00000000 ffffffff 00809300
GS =ca00 000ca000 ffffffff 00809300
LDT=0000 00000000 0000ffff 00008200
TR =0000 00000000 0000ffff 00008b00
GDT=     00000000 00000000
IDT=     00000000 000003ff
CR0=00000010 CR2=00000000 CR3=00000000 CR4=00000000
DR0=0000000000000000 DR1=0000000000000000 DR2=0000000000000000 DR3=0000000000000000 
DR6=00000000ffff0ff0 DR7=0000000000000400
CCS=00000004 CCD=00000001 CCO=EFLAGS
EFER=0000000000000000
SMM: enter
EAX=000000b5 EBX=000f7dc4 ECX=00001234 EDX=000069ff
ESI=00006996 EDI=0effeca6 EBP=00006956 ESP=00006956
EIP=00007dc1 EFL=00000006 [-----P-] CPL=0 II=0 A20=1 SMM=0 HLT=0
ES =d900 000d9000 ffffffff 00809300
CS =f000 000f0000 ffffffff 00809b00
SS =0000 00000000 ffffffff 00809300
DS =0000 00000000 ffffffff 00809300
FS =0000 00000000 ffffffff 00809300
GS =ca00 000ca000 ffffffff 00809300
LDT=0000 00000000 0000ffff 00008200
TR =0000 00000000 0000ffff 00008b00
GDT=     00000000 00000000
IDT=     00000000 000003ff
CR0=00000010 CR2=00000000 CR3=00000000 CR4=00000000
DR0=0000000000000000 DR1=0000000000000000 DR2=0000000000000000 DR3=0000000000000000 
DR6=00000000ffff0ff0 DR7=0000000000000400
CCS=00000000 CCD=00006956 CCO=ADDL
EFER=0000000000000000
SMM: after RSM
EAX=000000b5 EBX=000f7dc4 ECX=00001234 EDX=000069ff
ESI=00006996 EDI=0effeca6 EBP=00006956 ESP=00006956
EIP=000f7dc4 EFL=00000046 [---Z-P-] CPL=0 II=0 A20=1 SMM=0 HLT=0
ES =0010 00000000 ffffffff 00c09300 DPL=0 DS   [-WA]
CS =0008 00000000 ffffffff 00c09b00 DPL=0 CS32 [-RA]
SS =0010 00000000 ffffffff 00c09300 DPL=0 DS   [-WA]
DS =0010 00000000 ffffffff 00c09300 DPL=0 DS   [-WA]
FS =0010 00000000 ffffffff 00c09300 DPL=0 DS   [-WA]
GS =0010 00000000 ffffffff 00c09300 DPL=0 DS   [-WA]
LDT=0000 00000000 0000ffff 00008200 DPL=0 LDT
TR =0000 00000000 0000ffff 00008b00 DPL=0 TSS32-busy
GDT=     000f6180 00000037
IDT=     000f61be 00000000
CR0=00000011 CR2=00000000 CR3=00000000 CR4=00000000
DR0=0000000000000000 DR1=0000000000000000 DR2=0000000000000000 DR3=0000000000000000 
DR6=00000000ffff0ff0 DR7=0000000000000400
CCS=00000044 CCD=00000000 CCO=EFLAGS
EFER=0000000000000000
SMM: enter
EAX=000000b5 EBX=00007dde ECX=00005678 EDX=00000005
ESI=00000000 EDI=0effeca6 EBP=00006956 ESP=00006956
EIP=000f7ddb EFL=00000016 [----AP-] CPL=0 II=0 A20=1 SMM=0 HLT=0
ES =0010 00000000 ffffffff 00c09300 DPL=0 DS   [-WA]
CS =0008 00000000 ffffffff 00c09b00 DPL=0 CS32 [-RA]
SS =0010 00000000 ffffffff 00c09300 DPL=0 DS   [-WA]
DS =0010 00000000 ffffffff 00c09300 DPL=0 DS   [-WA]
FS =0010 00000000 ffffffff 00c09300 DPL=0 DS   [-WA]
GS =0010 00000000 ffffffff 00c09300 DPL=0 DS   [-WA]
LDT=0000 00000000 0000ffff 00008200 DPL=0 LDT
TR =0000 00000000 0000ffff 00008b00 DPL=0 TSS32-busy
GDT=     000f6180 00000037
IDT=     000f61be 00000000
CR0=00000011 CR2=00000000 CR3=00000000 CR4=00000000
DR0=0000000000000000 DR1=0000000000000000 DR2=0000000000000000 DR3=0000000000000000 
DR6=00000000ffff0ff0 DR7=0000000000000400
CCS=00000008 CCD=00006942 CCO=ADDL
EFER=0000000000000000
SMM: after RSM
EAX=000000b5 EBX=00007dde ECX=00005678 EDX=00000005
ESI=00000000 EDI=0effeca6 EBP=00006956 ESP=00006956
EIP=00007dde EFL=00000006 [-----P-] CPL=0 II=0 A20=1 SMM=0 HLT=0
ES =d900 000d9000 ffffffff 00809300
CS =f000 000f0000 ffffffff 00809b00
SS =0000 00000000 ffffffff 00809300
DS =0000 00000000 ffffffff 00809300
FS =0000 00000000 ffffffff 00809300
GS =ca00 000ca000 ffffffff 00809300
LDT=0000 00000000 0000ffff 00008200
TR =0000 00000000 0000ffff 00008b00
GDT=     00000000 00000000
IDT=     00000000 000003ff
CR0=00000010 CR2=00000000 CR3=00000000 CR4=00000000
DR0=0000000000000000 DR1=0000000000000000 DR2=0000000000000000 DR3=0000000000000000 
DR6=00000000ffff0ff0 DR7=0000000000000400
CCS=00000004 CCD=00000001 CCO=EFLAGS
EFER=0000000000000000
SMM: enter
EAX=000000b5 EBX=000f7dc4 ECX=00001234 EDX=000069ff
ESI=00006990 EDI=0effeca6 EBP=00006950 ESP=00006950
EIP=00007dc1 EFL=00000006 [-----P-] CPL=0 II=0 A20=1 SMM=0 HLT=0
ES =d900 000d9000 ffffffff 00809300
CS =f000 000f0000 ffffffff 00809b00
SS =0000 00000000 ffffffff 00809300
DS =0000 00000000 ffffffff 00809300
FS =0000 00000000 ffffffff 00809300
GS =ca00 000ca000 ffffffff 00809300
LDT=0000 00000000 0000ffff 00008200
TR =0000 00000000 0000ffff 00008b00
GDT=     00000000 00000000
IDT=     00000000 000003ff
CR0=00000010 CR2=00000000 CR3=00000000 CR4=00000000
DR0=0000000000000000 DR1=0000000000000000 DR2=0000000000000000 DR3=0000000000000000 
DR6=00000000ffff0ff0 DR7=0000000000000400
CCS=00000000 CCD=00006950 CCO=ADDL
EFER=0000000000000000
SMM: after RSM
EAX=000000b5 EBX=000f7dc4 ECX=00001234 EDX=000069ff
ESI=00006990 EDI=0effeca6 EBP=00006950 ESP=00006950
EIP=000f7dc4 EFL=00000046 [---Z-P-] CPL=0 II=0 A20=1 SMM=0 HLT=0
ES =0010 00000000 ffffffff 00c09300 DPL=0 DS   [-WA]
CS =0008 00000000 ffffffff 00c09b00 DPL=0 CS32 [-RA]
SS =0010 00000000 ffffffff 00c09300 DPL=0 DS   [-WA]
DS =0010 00000000 ffffffff 00c09300 DPL=0 DS   [-WA]
FS =0010 00000000 ffffffff 00c09300 DPL=0 DS   [-WA]
GS =0010 00000000 ffffffff 00c09300 DPL=0 DS   [-WA]
LDT=0000 00000000 0000ffff 00008200 DPL=0 LDT
TR =0000 00000000 0000ffff 00008b00 DPL=0 TSS32-busy
GDT=     000f6180 00000037
IDT=     000f61be 00000000
CR0=00000011 CR2=00000000 CR3=00000000 CR4=00000000
DR0=0000000000000000 DR1=0000000000000000 DR2=0000000000000000 DR3=0000000000000000 
DR6=00000000ffff0ff0 DR7=0000000000000400
CCS=00000044 CCD=00000000 CCO=EFLAGS
EFER=0000000000000000
SMM: enter
EAX=000000b5 EBX=00007dde ECX=00005678 EDX=00000003
ESI=0ef0a0b0 EDI=0effeca6 EBP=00006950 ESP=00006950
EIP=000f7ddb EFL=00000006 [-----P-] CPL=0 II=0 A20=1 SMM=0 HLT=0
ES =0010 00000000 ffffffff 00c09300 DPL=0 DS   [-WA]
CS =0008 00000000 ffffffff 00c09b00 DPL=0 CS32 [-RA]
SS =0010 00000000 ffffffff 00c09300 DPL=0 DS   [-WA]
DS =0010 00000000 ffffffff 00c09300 DPL=0 DS   [-WA]
FS =0010 00000000 ffffffff 00c09300 DPL=0 DS   [-WA]
GS =0010 00000000 ffffffff 00c09300 DPL=0 DS   [-WA]
LDT=0000 00000000 0000ffff 00008200 DPL=0 LDT
TR =0000 00000000 0000ffff 00008b00 DPL=0 TSS32-busy
GDT=     000f6180 00000037
IDT=     000f61be 00000000
CR0=00000011 CR2=00000000 CR3=00000000 CR4=00000000
DR0=0000000000000000 DR1=0000000000000000 DR2=0000000000000000 DR3=0000000000000000 
DR6=00000000ffff0ff0 DR7=0000000000000400
CCS=00000008 CCD=0000693c CCO=ADDL
EFER=0000000000000000
SMM: after RSM
EAX=000000b5 EBX=00007dde ECX=00005678 EDX=00000003
ESI=0ef0a0b0 EDI=0effeca6 EBP=00006950 ESP=00006950
EIP=00007dde EFL=00000006 [-----P-] CPL=0 II=0 A20=1 SMM=0 HLT=0
ES =d900 000d9000 ffffffff 00809300
CS =f000 000f0000 ffffffff 00809b00
SS =0000 00000000 ffffffff 00809300
DS =0000 00000000 ffffffff 00809300
FS =0000 00000000 ffffffff 00809300
GS =ca00 000ca000 ffffffff 00809300
LDT=0000 00000000 0000ffff 00008200
TR =0000 00000000 0000ffff 00008b00
GDT=     00000000 00000000
IDT=     00000000 000003ff
CR0=00000010 CR2=00000000 CR3=00000000 CR4=00000000
DR0=0000000000000000 DR1=0000000000000000 DR2=0000000000000000 DR3=0000000000000000 
DR6=00000000ffff0ff0 DR7=0000000000000400
CCS=00000004 CCD=00000001 CCO=EFLAGS
EFER=0000000000000000
Servicing hardware INT=0x09
     0: v=09 e=0000 i=0 cpl=0 IP=0008:0000000000011006 pc=0000000000011006 SP=0010:0000000000400000 env->regs[R_EAX]=0000000000000003
EAX=00000003 EBX=00000000 ECX=0000009f EDX=00000020
ESI=00007d15 EDI=02011000 EBP=00400000 ESP=00400000
EIP=00011006 EFL=00000206 [-----P-] CPL=0 II=0 A20=1 SMM=0 HLT=0
ES =0010 00000000 ffffffff 00cf9300 DPL=0 DS   [-WA]
CS =0008 00000000 ffffffff 00cf9f00 DPL=0 CS32 [CRA]
SS =0010 00000000 ffffffff 00cf9300 DPL=0 DS   [-WA]
DS =0010 00000000 ffffffff 00cf9300 DPL=0 DS   [-WA]
FS =0010 00000000 ffffffff 00cf9300 DPL=0 DS   [-WA]
GS =0010 00000000 ffffffff 00cf9300 DPL=0 DS   [-WA]
LDT=0000 00000000 0000ffff 00008200 DPL=0 LDT
TR =0000 00000000 0000ffff 00008b00 DPL=0 TSS32-busy
GDT=     00007dc6 00000017
IDT=     00801000 00003fff
CR0=80000013 CR2=00000000 CR3=02010000 CR4=00000600
DR0=0000000000000000 DR1=0000000000000000 DR2=0000000000000000 DR3=0000000000000000 
DR6=00000000ffff0ff0 DR7=0000000000000400
CCS=00000004 CCD=003fffe8 CCO=EFLAGS
EFER=0000000000000000
Servicing hardware INT=0x09
     1: v=09 e=0000 i=0 cpl=0 IP=0008:0000000000011006 pc=0000000000011006 SP=0010:0000000000400000 env->regs[R_EAX]=0000000000000003
EAX=00000003 EBX=00000000 ECX=0000009f EDX=00000020
ESI=00007d15 EDI=02011000 EBP=00400000 ESP=00400000
EIP=00011006 EFL=00000206 [-----P-] CPL=0 II=0 A20=1 SMM=0 HLT=0
ES =0010 00000000 ffffffff 00cf9300 DPL=0 DS   [-WA]
CS =0008 00000000 ffffffff 00cf9f00 DPL=0 CS32 [CRA]
SS =0010 00000000 ffffffff 00cf9300 DPL=0 DS   [-WA]
DS =0010 00000000 ffffffff 00cf9300 DPL=0 DS   [-WA]
FS =0010 00000000 ffffffff 00cf9300 DPL=0 DS   [-WA]
GS =0010 00000000 ffffffff 00cf9300 DPL=0 DS   [-WA]
LDT=0000 00000000 0000ffff 00008200 DPL=0 LDT
TR =0000 00000000 0000ffff 00008b00 DPL=0 TSS32-busy
GDT=     00007dc6 00000017
IDT=     00801000 00003fff
CR0=80000013 CR2=00000000 CR3=02010000 CR4=00000600
DR0=0000000000000000 DR1=0000000000000000 DR2=0000000000000000 DR3=0000000000000000 
DR6=00000000ffff0ff0 DR7=0000000000000400
CCS=00000004 CCD=000b8002 CCO=EFLAGS
EFER=0000000000000000
Servicing hardware INT=0x09
     2: v=09 e=0000 i=0 cpl=0 IP=0008:0000000000011006 pc=0000000000011006 SP=0010:0000000000400000 env->regs[R_EAX]=0000000000000003
EAX=00000003 EBX=00000000 ECX=0000009f EDX=00000020
ESI=00007d15 EDI=02011000 EBP=00400000 ESP=00400000
EIP=00011006 EFL=00000206 [-----P-] CPL=0 II=0 A20=1 SMM=0 HLT=0
ES =0010 00000000 ffffffff 00cf9300 DPL=0 DS   [-WA]
CS =0008 00000000 ffffffff 00cf9f00 DPL=0 CS32 [CRA]
SS =0010 00000000 ffffffff 00cf9300 DPL=0 DS   [-WA]
DS =0010 00000000 ffffffff 00cf9300 DPL=0 DS   [-WA]
FS =0010 00000000 ffffffff 00cf9300 DPL=0 DS   [-WA]
GS =0010 00000000 ffffffff 00cf9300 DPL=0 DS   [-WA]
LDT=0000 00000000 0000ffff 00008200 DPL=0 LDT
TR =0000 00000000 0000ffff 00008b00 DPL=0 TSS32-busy
GDT=     00007dc6 00000017
IDT=     00801000 00003fff
CR0=80000013 CR2=00000000 CR3=02010000 CR4=00000600
DR0=0000000000000000 DR1=0000000000000000 DR2=0000000000000000 DR3=0000000000000000 
DR6=00000000ffff0ff0 DR7=0000000000000400
CCS=00000004 CCD=000b8004 CCO=EFLAGS
EFER=0000000000000000
Servicing hardware INT=0x09
     3: v=09 e=0000 i=0 cpl=0 IP=0008:0000000000011006 pc=0000000000011006 SP=0010:0000000000400000 env->regs[R_EAX]=0000000000000003
EAX=00000003 EBX=00000000 ECX=0000009f EDX=00000020
ESI=00007d15 EDI=02011000 EBP=00400000 ESP=00400000
EIP=00011006 EFL=00000206 [-----P-] CPL=0 II=0 A20=1 SMM=0 HLT=0
ES =0010 00000000 ffffffff 00cf9300 DPL=0 DS   [-WA]
CS =0008 00000000 ffffffff 00cf9f00 DPL=0 CS32 [CRA]
SS =0010 00000000 ffffffff 00cf9300 DPL=0 DS   [-WA]
DS =0010 00000000 ffffffff 00cf9300 DPL=0 DS   [-WA]
FS =0010 00000000 ffffffff 00cf9300 DPL=0 DS   [-WA]
GS =0010 00000000 ffffffff 00cf9300 DPL=0 DS   [-WA]
LDT=0000 00000000 0000ffff 00008200 DPL=0 LDT
TR =0000 00000000 0000ffff 00008b00 DPL=0 TSS32-busy
GDT=     00007dc6 00000017
IDT=     00801000 00003fff
CR0=80000013 CR2=00000000 CR3=02010000 CR4=00000600
DR0=0000000000000000 DR1=0000000000000000 DR2=0000000000000000 DR3=0000000000000000 
DR6=00000000ffff0ff0 DR7=0000000000000400
CCS=00000004 CCD=000b8006 CCO=EFLAGS
EFER=0000000000000000
Servicing hardware INT=0x09
     4: v=09 e=0000 i=0 cpl=0 IP=0008:0000000000011006 pc=0000000000011006 SP=0010:0000000000400000 env->regs[R_EAX]=0000000000000003
EAX=00000003 EBX=00000000 ECX=0000009f EDX=00000020
ESI=00007d15 EDI=02011000 EBP=00400000 ESP=00400000
EIP=00011006 EFL=00000206 [-----P-] CPL=0 II=0 A20=1 SMM=0 HLT=0
ES =0010 00000000 ffffffff 00cf9300 DPL=0 DS   [-WA]
CS =0008 00000000 ffffffff 00cf9f00 DPL=0 CS32 [CRA]
SS =0010 00000000 ffffffff 00cf9300 DPL=0 DS   [-WA]
DS =0010 00000000 ffffffff 00cf9300 DPL=0 DS   [-WA]
FS =0010 00000000 ffffffff 00cf9300 DPL=0 DS   [-WA]
GS =0010 00000000 ffffffff 00cf9300 DPL=0 DS   [-WA]
LDT=0000 00000000 0000ffff 00008200 DPL=0 LDT
TR =0000 00000000 0000ffff 00008b00 DPL=0 TSS32-busy
GDT=     00007dc6 00000017
IDT=     00801000 00003fff
CR0=80000013 CR2=00000000 CR3=02010000 CR4=00000600
DR0=0000000000000000 DR1=0000000000000000 DR2=0000000000000000 DR3=0000000000000000 
DR6=00000000ffff0ff0 DR7=0000000000000400
CCS=00000004 CCD=000b8008 CCO=EFLAGS
EFER=0000000000000000
Servicing hardware INT=0x09
     5: v=09 e=0000 i=0 cpl=0 IP=0008:0000000000011006 pc=0000000000011006 SP=0010:0000000000400000 env->regs[R_EAX]=0000000000000003
EAX=00000003 EBX=00000000 ECX=0000009f EDX=00000020
ESI=00007d15 EDI=02011000 EBP=00400000 ESP=00400000
EIP=00011006 EFL=00000206 [-----P-] CPL=0 II=0 A20=1 SMM=0 HLT=0
ES =0010 00000000 ffffffff 00cf9300 DPL=0 DS   [-WA]
CS =0008 00000000 ffffffff 00cf9f00 DPL=0 CS32 [CRA]
SS =0010 00000000 ffffffff 00cf9300 DPL=0 DS   [-WA]
DS =0010 00000000 ffffffff 00cf9300 DPL=0 DS   [-WA]
FS =0010 00000000 ffffffff 00cf9300 DPL=0 DS   [-WA]
GS =0010 00000000 ffffffff 00cf9300 DPL=0 DS   [-WA]
LDT=0000 00000000 0000ffff 00008200 DPL=0 LDT
TR =0000 00000000 0000ffff 00008b00 DPL=0 TSS32-busy
GDT=     00007dc6 00000017
IDT=     00801000 00003fff
CR0=80000013 CR2=00000000 CR3=02010000 CR4=00000600
DR0=0000000000000000 DR1=0000000000000000 DR2=0000000000000000 DR3=0000000000000000 
DR6=00000000ffff0ff0 DR7=0000000000000400
CCS=00000004 CCD=000b800a CCO=EFLAGS
EFER=0000000000000000
Servicing hardware INT=0x09
     6: v=09 e=0000 i=0 cpl=0 IP=0008:0000000000011006 pc=0000000000011006 SP=0010:0000000000400000 env->regs[R_EAX]=0000000000000003
EAX=00000003 EBX=00000000 ECX=0000009f EDX=00000020
ESI=00007d15 EDI=02011000 EBP=00400000 ESP=00400000
EIP=00011006 EFL=00000206 [-----P-] CPL=0 II=0 A20=1 SMM=0 HLT=0
ES =0010 00000000 ffffffff 00cf9300 DPL=0 DS   [-WA]
CS =0008 00000000 ffffffff 00cf9f00 DPL=0 CS32 [CRA]
SS =0010 00000000 ffffffff 00cf9300 DPL=0 DS   [-WA]
DS =0010 00000000 ffffffff 00cf9300 DPL=0 DS   [-WA]
FS =0010 00000000 ffffffff 00cf9300 DPL=0 DS   [-WA]
GS =0010 00000000 ffffffff 00cf9300 DPL=0 DS   [-WA]
LDT=0000 00000000 0000ffff 00008200 DPL=0 LDT
TR =0000 00000000 0000ffff 00008b00 DPL=0 TSS32-busy
GDT=     00007dc6 00000017
IDT=     00801000 00003fff
CR0=80000013 CR2=00000000 CR3=02010000 CR4=00000600
DR0=0000000000000000 DR1=0000000000000000 DR2=0000000000000000 DR3=0000000000000000 
DR6=00000000ffff0ff0 DR7=0000000000000400
CCS=00000004 CCD=000b800c CCO=EFLAGS
EFER=0000000000000000
Servicing hardware INT=0x09
     7: v=09 e=0000 i=0 cpl=0 IP=0008:0000000000011006 pc=0000000000011006 SP=0010:0000000000400000 env->regs[R_EAX]=0000000000000003
EAX=00000003 EBX=00000000 ECX=0000009f EDX=00000020
ESI=00007d15 EDI=02011000 EBP=00400000 ESP=00400000
EIP=00011006 EFL=00000206 [-----P-] CPL=0 II=0 A20=1 SMM=0 HLT=0
ES =0010 00000000 ffffffff 00cf9300 DPL=0 DS   [-WA]
CS =0008 00000000 ffffffff 00cf9f00 DPL=0 CS32 [CRA]
SS =0010 00000000 ffffffff 00cf9300 DPL=0 DS   [-WA]
DS =0010 00000000 ffffffff 00cf9300 DPL=0 DS   [-WA]
FS =0010 00000000 ffffffff 00cf9300 DPL=0 DS   [-WA]
GS =0010 00000000 ffffffff 00cf9300 DPL=0 DS   [-WA]
LDT=0000 00000000 0000ffff 00008200 DPL=0 LDT
TR =0000 00000000 0000ffff 00008b00 DPL=0 TSS32-busy
GDT=     00007dc6 00000017
IDT=     00801000 00003fff
CR0=80000013 CR2=00000000 CR3=02010000 CR4=00000600
DR0=0000000000000000 DR1=0000000000000000 DR2=0000000000000000 DR3=0000000000000000 
DR6=00000000ffff0ff0 DR7=0000000000000400
CCS=00000004 CCD=000b800e CCO=EFLAGS
EFER=0000000000000000
Servicing hardware INT=0x09
     8: v=09 e=0000 i=0 cpl=0 IP=0008:0000000000011006 pc=0000000000011006 SP=0010:0000000000400000 env->regs[R_EAX]=0000000000000003
EAX=00000003 EBX=00000000 ECX=0000009f EDX=00000020
ESI=00007d15 EDI=02011000 EBP=00400000 ESP=00400000
EIP=00011006 EFL=00000206 [-----P-] CPL=0 II=0 A20=1 SMM=0 HLT=0
ES =0010 00000000 ffffffff 00cf9300 DPL=0 DS   [-WA]
CS =0008 00000000 ffffffff 00cf9f00 DPL=0 CS32 [CRA]
SS =0010 00000000 ffffffff 00cf9300 DPL=0 DS   [-WA]
DS =0010 00000000 ffffffff 00cf9300 DPL=0 DS   [-WA]
FS =0010 00000000 ffffffff 00cf9300 DPL=0 DS   [-WA]
GS =0010 00000000 ffffffff 00cf9300 DPL=0 DS   [-WA]
LDT=0000 00000000 0000ffff 00008200 DPL=0 LDT
TR =0000 00000000 0000ffff 00008b00 DPL=0 TSS32-busy
GDT=     00007dc6 00000017
IDT=     00801000 00003fff
CR0=80000013 CR2=00000000 CR3=02010000 CR4=00000600
DR0=0000000000000000 DR1=0000000000000000 DR2=0000000000000000 DR3=0000000000000000 
DR6=00000000ffff0ff0 DR7=0000000000000400
CCS=00000004 CCD=000b8010 CCO=EFLAGS
EFER=0000000000000000
Servicing hardware INT=0x09
     9: v=09 e=0000 i=0 cpl=0 IP=0008:0000000000011006 pc=0000000000011006 SP=0010:0000000000400000 env->regs[R_EAX]=0000000000000003
EAX=00000003 EBX=00000000 ECX=0000009f EDX=00000020
ESI=00007d15 EDI=02011000 EBP=00400000 ESP=00400000
EIP=00011006 EFL=00000206 [-----P-] CPL=0 II=0 A20=1 SMM=0 HLT=0
ES =0010 00000000 ffffffff 00cf9300 DPL=0 DS   [-WA]
CS =0008 00000000 ffffffff 00cf9f00 DPL=0 CS32 [CRA]
SS =0010 00000000 ffffffff 00cf9300 DPL=0 DS   [-WA]
DS =0010 00000000 ffffffff 00cf9300 DPL=0 DS   [-WA]
FS =0010 00000000 ffffffff 00cf9300 DPL=0 DS   [-WA]
GS =0010 00000000 ffffffff 00cf9300 DPL=0 DS   [-WA]
LDT=0000 00000000 0000ffff 00008200 DPL=0 LDT
TR =0000 00000000 0000ffff 00008b00 DPL=0 TSS32-busy
GDT=     00007dc6 00000017
IDT=     00801000 00003fff
CR0=80000013 CR2=00000000 CR3=02010000 CR4=00000600
DR0=0000000000000000 DR1=0000000000000000 DR2=0000000000000000 DR3=0000000000000000 
DR6=00000000ffff0ff0 DR7=0000000000000400
CCS=00000004 CCD=000b8012 CCO=EFLAGS
EFER=0000000000000000
Servicing hardware INT=0x09
    10: v=09 e=0000 i=0 cpl=0 IP=0008:0000000000011006 pc=0000000000011006 SP=0010:0000000000400000 env->regs[R_EAX]=0000000000000003
EAX=00000003 EBX=00000000 ECX=0000009f EDX=00000020
ESI=00007d15 EDI=02011000 EBP=00400000 ESP=00400000
EIP=00011006 EFL=00000206 [-----P-] CPL=0 II=0 A20=1 SMM=0 HLT=0
ES =0010 00000000 ffffffff 00cf9300 DPL=0 DS   [-WA]
CS =0008 00000000 ffffffff 00cf9f00 DPL=0 CS32 [CRA]
SS =0010 00000000 ffffffff 00cf9300 DPL=0 DS   [-WA]
DS =0010 00000000 ffffffff 00cf9300 DPL=0 DS   [-WA]
FS =0010 00000000 ffffffff 00cf9300 DPL=0 DS   [-WA]
GS =0010 00000000 ffffffff 00cf9300 DPL=0 DS   [-WA]
LDT=0000 00000000 0000ffff 00008200 DPL=0 LDT
TR =0000 00000000 0000ffff 00008b00 DPL=0 TSS32-busy
GDT=     00007dc6 00000017
IDT=     00801000 00003fff
CR0=80000013 CR2=00000000 CR3=02010000 CR4=00000600
DR0=0000000000000000 DR1=0000000000000000 DR2=0000000000000000 DR3=0000000000000000 
DR6=00000000ffff0ff0 DR7=0000000000000400
CCS=00000004 CCD=000b8014 CCO=EFLAGS
EFER=0000000000000000
Servicing hardware INT=0x09
    11: v=09 e=0000 i=0 cpl=0 IP=0008:0000000000011006 pc=0000000000011006 SP=0010:0000000000400000 env->regs[R_EAX]=0000000000000003
EAX=00000003 EBX=00000000 ECX=0000009f EDX=00000020
ESI=00007d15 EDI=02011000 EBP=00400000 ESP=00400000
EIP=00011006 EFL=00000206 [-----P-] CPL=0 II=0 A20=1 SMM=0 HLT=0
ES =0010 00000000 ffffffff 00cf9300 DPL=0 DS   [-WA]
CS =0008 00000000 ffffffff 00cf9f00 DPL=0 CS32 [CRA]
SS =0010 00000000 ffffffff 00cf9300 DPL=0 DS   [-WA]
DS =0010 00000000 ffffffff 00cf9300 DPL=0 DS   [-WA]
FS =0010 00000000 ffffffff 00cf9300 DPL=0 DS   [-WA]
GS =0010 00000000 ffffffff 00cf9300 DPL=0 DS   [-WA]
LDT=0000 00000000 0000ffff 00008200 DPL=0 LDT
TR =0000 00000000 0000ffff 00008b00 DPL=0 TSS32-busy
GDT=     00007dc6 00000017
IDT=     00801000 00003fff
CR0=80000013 CR2=00000000 CR3=02010000 CR4=00000600
DR0=0000000000000000 DR1=0000000000000000 DR2=0000000000000000 DR3=0000000000000000 
DR6=00000000ffff0ff0 DR7=0000000000000400
CCS=00000004 CCD=000b8016 CCO=EFLAGS
EFER=0000000000000000
Servicing hardware INT=0x09
    12: v=09 e=0000 i=0 cpl=0 IP=0008:0000000000011006 pc=0000000000011006 SP=0010:0000000000400000 env->regs[R_EAX]=0000000000000003
EAX=00000003 EBX=00000000 ECX=0000009f EDX=00000020
ESI=00007d15 EDI=02011000 EBP=00400000 ESP=00400000
EIP=00011006 EFL=00000206 [-----P-] CPL=0 II=0 A20=1 SMM=0 HLT=0
ES =0010 00000000 ffffffff 00cf9300 DPL=0 DS   [-WA]
CS =0008 00000000 ffffffff 00cf9f00 DPL=0 CS32 [CRA]
SS =0010 00000000 ffffffff 00cf9300 DPL=0 DS   [-WA]
DS =0010 00000000 ffffffff 00cf9300 DPL=0 DS   [-WA]
FS =0010 00000000 ffffffff 00cf9300 DPL=0 DS   [-WA]
GS =0010 00000000 ffffffff 00cf9300 DPL=0 DS   [-WA]
LDT=0000 00000000 0000ffff 00008200 DPL=0 LDT
TR =0000 00000000 0000ffff 00008b00 DPL=0 TSS32-busy
GDT=     00007dc6 00000017
IDT=     00801000 00003fff
CR0=80000013 CR2=00000000 CR3=02010000 CR4=00000600
DR0=0000000000000000 DR1=0000000000000000 DR2=0000000000000000 DR3=0000000000000000 
DR6=00000000ffff0ff0 DR7=0000000000000400
CCS=00000004 CCD=000b8018 CCO=EFLAGS
EFER=0000000000000000
Servicing hardware INT=0x09
    13: v=09 e=0000 i=0 cpl=0 IP=0008:0000000000011006 pc=0000000000011006 SP=0010:0000000000400000 env->regs[R_EAX]=0000000000000003
EAX=00000003 EBX=00000000 ECX=0000009f EDX=00000020
ESI=00007d15 EDI=02011000 EBP=00400000 ESP=00400000
EIP=00011006 EFL=00000206 [-----P-] CPL=0 II=0 A20=1 SMM=0 HLT=0
ES =0010 00000000 ffffffff 00cf9300 DPL=0 DS   [-WA]
CS =0008 00000000 ffffffff 00cf9f00 DPL=0 CS32 [CRA]
SS =0010 00000000 ffffffff 00cf9300 DPL=0 DS   [-WA]
DS =0010 00000000 ffffffff 00cf9300 DPL=0 DS   [-WA]
FS =0010 00000000 ffffffff 00cf9300 DPL=0 DS   [-WA]
GS =0010 00000000 ffffffff 00cf9300 DPL=0 DS   [-WA]
LDT=0000 00000000 0000ffff 00008200 DPL=0 LDT
TR =0000 00000000 0000ffff 00008b00 DPL=0 TSS32-busy
GDT=     00007dc6 00000017
IDT=     00801000 00003fff
CR0=80000013 CR2=00000000 CR3=02010000 CR4=00000600
DR0=0000000000000000 DR1=0000000000000000 DR2=0000000000000000 DR3=0000000000000000 
DR6=00000000ffff0ff0 DR7=0000000000000400
CCS=00000004 CCD=000b801a CCO=EFLAGS
EFER=0000000000000000
Servicing hardware INT=0x09
    14: v=09 e=0000 i=0 cpl=0 IP=0008:0000000000011006 pc=0000000000011006 SP=0010:0000000000400000 env->regs[R_EAX]=0000000000000003
EAX=00000003 EBX=00000000 ECX=0000009f EDX=00000020
ESI=00007d15 EDI=02011000 EBP=00400000 ESP=00400000
EIP=00011006 EFL=00000206 [-----P-] CPL=0 II=0 A20=1 SMM=0 HLT=0
ES =0010 00000000 ffffffff 00cf9300 DPL=0 DS   [-WA]
CS =0008 00000000 ffffffff 00cf9f00 DPL=0 CS32 [CRA]
SS =0010 00000000 ffffffff 00cf9300 DPL=0 DS   [-WA]
DS =0010 00000000 ffffffff 00cf9300 DPL=0 DS   [-WA]
FS =0010 00000000 ffffffff 00cf9300 DPL=0 DS   [-WA]
GS =0010 00000000 ffffffff 00cf9300 DPL=0 DS   [-WA]
LDT=0000 00000000 0000ffff 00008200 DPL=0 LDT
TR =0000 00000000 0000ffff 00008b00 DPL=0 TSS32-busy
GDT=     00007dc6 00000017
IDT=     00801000 00003fff
CR0=80000013 CR2=00000000 CR3=02010000 CR4=00000600
DR0=0000000000000000 DR1=0000000000000000 DR2=0000000000000000 DR3=0000000000000000 
DR6=00000000ffff0ff0 DR7=0000000000000400
CCS=00000004 CCD=000b801c CCO=EFLAGS
EFER=0000000000000000
Servicing hardware INT=0x09
    15: v=09 e=0000 i=0 cpl=0 IP=0008:0000000000011006 pc=0000000000011006 SP=0010:0000000000400000 env->regs[R_EAX]=0000000000000003
EAX=00000003 EBX=00000000 ECX=0000009f EDX=00000020
ESI=00007d15 EDI=02011000 EBP=00400000 ESP=00400000
EIP=00011006 EFL=00000206 [-----P-] CPL=0 II=0 A20=1 SMM=0 HLT=0
ES =0010 00000000 ffffffff 00cf9300 DPL=0 DS   [-WA]
CS =0008 00000000 ffffffff 00cf9f00 DPL=0 CS32 [CRA]
SS =0010 00000000 ffffffff 00cf9300 DPL=0 DS   [-WA]
DS =0010 00000000 ffffffff 00cf9300 DPL=0 DS   [-WA]
FS =0010 00000000 ffffffff 00cf9300 DPL=0 DS   [-WA]
GS =0010 00000000 ffffffff 00cf9300 DPL=0 DS   [-WA]
LDT=0000 00000000 0000ffff 00008200 DPL=0 LDT
TR =0000 00000000 0000ffff 00008b00 DPL=0 TSS32-busy
GDT=     00007dc6 00000017
IDT=     00801000 00003fff
CR0=80000013 CR2=00000000 CR3=02010000 CR4=00000600
DR0=0000000000000000 DR1=0000000000000000 DR2=0000000000000000 DR3=0000000000000000 
DR6=00000000ffff0ff0 DR7=0000000000000400
CCS=00000004 CCD=000b801e CCO=EFLAGS
EFER=0000000000000000
Servicing hardware INT=0x09
    16: v=09 e=0000 i=0 cpl=0 IP=0008:0000000000011006 pc=0000000000011006 SP=0010:0000000000400000 env->regs[R_EAX]=0000000000000003
EAX=00000003 EBX=00000000 ECX=0000009f EDX=00000020
ESI=00007d15 EDI=02011000 EBP=00400000 ESP=00400000
EIP=00011006 EFL=00000206 [-----P-] CPL=0 II=0 A20=1 SMM=0 HLT=0
ES =0010 00000000 ffffffff 00cf9300 DPL=0 DS   [-WA]
CS =0008 00000000 ffffffff 00cf9f00 DPL=0 CS32 [CRA]
SS =0010 00000000 ffffffff 00cf9300 DPL=0 DS   [-WA]
DS =0010 00000000 ffffffff 00cf9300 DPL=0 DS   [-WA]
FS =0010 00000000 ffffffff 00cf9300 DPL=0 DS   [-WA]
GS =0010 00000000 ffffffff 00cf9300 DPL=0 DS   [-WA]
LDT=0000 00000000 0000ffff 00008200 DPL=0 LDT
TR =0000 00000000 0000ffff 00008b00 DPL=0 TSS32-busy
GDT=     00007dc6 00000017
IDT=     00801000 00003fff
CR0=80000013 CR2=00000000 CR3=02010000 CR4=00000600
DR0=0000000000000000 DR1=0000000000000000 DR2=0000000000000000 DR3=0000000000000000 
DR6=00000000ffff0ff0 DR7=0000000000000400
CCS=00000004 CCD=000b8020 CCO=EFLAGS
EFER=0000000000000000
Servicing hardware INT=0x09
    17: v=09 e=0000 i=0 cpl=0 IP=0008:0000000000011006 pc=0000000000011006 SP=0010:0000000000400000 env->regs[R_EAX]=0000000000000003
EAX=00000003 EBX=00000000 ECX=0000009f EDX=00000020
ESI=00007d15 EDI=02011000 EBP=00400000 ESP=00400000
EIP=00011006 EFL=00000206 [-----P-] CPL=0 II=0 A20=1 SMM=0 HLT=0
ES =0010 00000000 ffffffff 00cf9300 DPL=0 DS   [-WA]
CS =0008 00000000 ffffffff 00cf9f00 DPL=0 CS32 [CRA]
SS =0010 00000000 ffffffff 00cf9300 DPL=0 DS   [-WA]
DS =0010 00000000 ffffffff 00cf9300 DPL=0 DS   [-WA]
FS =0010 00000000 ffffffff 00cf9300 DPL=0 DS   [-WA]
GS =0010 00000000 ffffffff 00cf9300 DPL=0 DS   [-WA]
LDT=0000 00000000 0000ffff 00008200 DPL=0 LDT
TR =0000 00000000 0000ffff 00008b00 DPL=0 TSS32-busy
GDT=     00007dc6 00000017
IDT=     00801000 00003fff
CR0=80000013 CR2=00000000 CR3=02010000 CR4=00000600
DR0=0000000000000000 DR1=0000000000000000 DR2=0000000000000000 DR3=0000000000000000 
DR6=00000000ffff0ff0 DR7=0000000000000400
CCS=00000004 CCD=000b8022 CCO=EFLAGS
EFER=0000000000000000
Servicing hardware INT=0x09
    18: v=09 e=0000 i=0 cpl=0 IP=0008:0000000000011006 pc=0000000000011006 SP=0010:0000000000400000 env->regs[R_EAX]=0000000000000003
EAX=00000003 EBX=00000000 ECX=0000009f EDX=00000020
ESI=00007d15 EDI=02011000 EBP=00400000 ESP=00400000
EIP=00011006 EFL=00000206 [-----P-] CPL=0 II=0 A20=1 SMM=0 HLT=0
ES =0010 00000000 ffffffff 00cf9300 DPL=0 DS   [-WA]
CS =0008 00000000 ffffffff 00cf9f00 DPL=0 CS32 [CRA]
SS =0010 00000000 ffffffff 00cf9300 DPL=0 DS   [-WA]
DS =0010 00000000 ffffffff 00cf9300 DPL=0 DS   [-WA]
FS =0010 00000000 ffffffff 00cf9300 DPL=0 DS   [-WA]
GS =0010 00000000 ffffffff 00cf9300 DPL=0 DS   [-WA]
LDT=0000 00000000 0000ffff 00008200 DPL=0 LDT
TR =0000 00000000 0000ffff 00008b00 DPL=0 TSS32-busy
GDT=     00007dc6 00000017
IDT=     00801000 00003fff
CR0=80000013 CR2=00000000 CR3=02010000 CR4=00000600
DR0=0000000000000000 DR1=0000000000000000 DR2=0000000000000000 DR3=0000000000000000 
DR6=00000000ffff0ff0 DR7=0000000000000400
CCS=00000004 CCD=000b8024 CCO=EFLAGS
EFER=0000000000000000
Servicing hardware INT=0x09
    19: v=09 e=0000 i=0 cpl=0 IP=0008:0000000000011006 pc=0000000000011006 SP=0010:0000000000400000 env->regs[R_EAX]=0000000000000003
EAX=00000003 EBX=00000000 ECX=0000009f EDX=00000020
ESI=00007d15 EDI=02011000 EBP=00400000 ESP=00400000
EIP=00011006 EFL=00000206 [-----P-] CPL=0 II=0 A20=1 SMM=0 HLT=0
ES =0010 00000000 ffffffff 00cf9300 DPL=0 DS   [-WA]
CS =0008 00000000 ffffffff 00cf9f00 DPL=0 CS32 [CRA]
SS =0010 00000000 ffffffff 00cf9300 DPL=0 DS   [-WA]
DS =0010 00000000 ffffffff 00cf9300 DPL=0 DS   [-WA]
FS =0010 00000000 ffffffff 00cf9300 DPL=0 DS   [-WA]
GS =0010 00000000 ffffffff 00cf9300 DPL=0 DS   [-WA]
LDT=0000 00000000 0000ffff 00008200 DPL=0 LDT
TR =0000 00000000 0000ffff 00008b00 DPL=0 TSS32-busy
GDT=     00007dc6 00000017
IDT=     00801000 00003fff
CR0=80000013 CR2=00000000 CR3=02010000 CR4=00000600
DR0=0000000000000000 DR1=0000000000000000 DR2=0000000000000000 DR3=0000000000000000 
DR6=00000000ffff0ff0 DR7=0000000000000400
CCS=00000004 CCD=000b8026 CCO=EFLAGS
EFER=0000000000000000
Servicing hardware INT=0x09
    20: v=09 e=0000 i=0 cpl=0 IP=0008:0000000000011006 pc=0000000000011006 SP=0010:0000000000400000 env->regs[R_EAX]=0000000000000003
EAX=00000003 EBX=00000000 ECX=0000009f EDX=00000020
ESI=00007d15 EDI=02011000 EBP=00400000 ESP=00400000
EIP=00011006 EFL=00000206 [-----P-] CPL=0 II=0 A20=1 SMM=0 HLT=0
ES =0010 00000000 ffffffff 00cf9300 DPL=0 DS   [-WA]
CS =0008 00000000 ffffffff 00cf9f00 DPL=0 CS32 [CRA]
SS =0010 00000000 ffffffff 00cf9300 DPL=0 DS   [-WA]
DS =0010 00000000 ffffffff 00cf9300 DPL=0 DS   [-WA]
FS =0010 00000000 ffffffff 00cf9300 DPL=0 DS   [-WA]
GS =0010 00000000 ffffffff 00cf9300 DPL=0 DS   [-WA]
LDT=0000 00000000 0000ffff 00008200 DPL=0 LDT
TR =0000 00000000 0000ffff 00008b00 DPL=0 TSS32-busy
GDT=     00007dc6 00000017
IDT=     00801000 00003fff
CR0=80000013 CR2=00000000 CR3=02010000 CR4=00000600
DR0=0000000000000000 DR1=0000000000000000 DR2=0000000000000000 DR3=0000000000000000 
DR6=00000000ffff0ff0 DR7=0000000000000400
CCS=00000004 CCD=000b8028 CCO=EFLAGS
EFER=0000000000000000
Servicing hardware INT=0x09
    21: v=09 e=0000 i=0 cpl=0 IP=0008:0000000000011006 pc=0000000000011006 SP=0010:0000000000400000 env->regs[R_EAX]=0000000000000003
EAX=00000003 EBX=00000000 ECX=0000009f EDX=00000020
ESI=00007d15 EDI=02011000 EBP=00400000 ESP=00400000
EIP=00011006 EFL=00000206 [-----P-] CPL=0 II=0 A20=1 SMM=0 HLT=0
ES =0010 00000000 ffffffff 00cf9300 DPL=0 DS   [-WA]
CS =0008 00000000 ffffffff 00cf9f00 DPL=0 CS32 [CRA]
SS =0010 00000000 ffffffff 00cf9300 DPL=0 DS   [-WA]
DS =0010 00000000 ffffffff 00cf9300 DPL=0 DS   [-WA]
FS =0010 00000000 ffffffff 00cf9300 DPL=0 DS   [-WA]
GS =0010 00000000 ffffffff 00cf9300 DPL=0 DS   [-WA]
LDT=0000 00000000 0000ffff 00008200 DPL=0 LDT
TR =0000 00000000 0000ffff 00008b00 DPL=0 TSS32-busy
GDT=     00007dc6 00000017
IDT=     00801000 00003fff
CR0=80000013 CR2=00000000 CR3=02010000 CR4=00000600
DR0=0000000000000000 DR1=0000000000000000 DR2=0000000000000000 DR3=0000000000000000 
DR6=00000000ffff0ff0 DR7=0000000000000400
CCS=00000004 CCD=000b802a CCO=EFLAGS
EFER=0000000000000000
Servicing hardware INT=0x09
    22: v=09 e=0000 i=0 cpl=0 IP=0008:0000000000011006 pc=0000000000011006 SP=0010:0000000000400000 env->regs[R_EAX]=0000000000000003
EAX=00000003 EBX=00000000 ECX=0000009f EDX=00000020
ESI=00007d15 EDI=02011000 EBP=00400000 ESP=00400000
EIP=00011006 EFL=00000206 [-----P-] CPL=0 II=0 A20=1 SMM=0 HLT=0
ES =0010 00000000 ffffffff 00cf9300 DPL=0 DS   [-WA]
CS =0008 00000000 ffffffff 00cf9f00 DPL=0 CS32 [CRA]
SS =0010 00000000 ffffffff 00cf9300 DPL=0 DS   [-WA]
DS =0010 00000000 ffffffff 00cf9300 DPL=0 DS   [-WA]
FS =0010 00000000 ffffffff 00cf9300 DPL=0 DS   [-WA]
GS =0010 00000000 ffffffff 00cf9300 DPL=0 DS   [-WA]
LDT=0000 00000000 0000ffff 00008200 DPL=0 LDT
TR =0000 00000000 0000ffff 00008b00 DPL=0 TSS32-busy
GDT=     00007dc6 00000017
IDT=     00801000 00003fff
CR0=80000013 CR2=00000000 CR3=02010000 CR4=00000600
DR0=0000000000000000 DR1=0000000000000000 DR2=0000000000000000 DR3=0000000000000000 
DR6=00000000ffff0ff0 DR7=0000000000000400
CCS=00000004 CCD=000b802c CCO=EFLAGS
EFER=0000000000000000
Servicing hardware INT=0x09
    23: v=09 e=0000 i=0 cpl=0 IP=0008:0000000000011006 pc=0000000000011006 SP=0010:0000000000400000 env->regs[R_EAX]=0000000000000003
EAX=00000003 EBX=00000000 ECX=0000009f EDX=00000020
ESI=00007d15 EDI=02011000 EBP=00400000 ESP=00400000
EIP=00011006 EFL=00000206 [-----P-] CPL=0 II=0 A20=1 SMM=0 HLT=0
ES =0010 00000000 ffffffff 00cf9300 DPL=0 DS   [-WA]
CS =0008 00000000 ffffffff 00cf9f00 DPL=0 CS32 [CRA]
SS =0010 00000000 ffffffff 00cf9300 DPL=0 DS   [-WA]
DS =0010 00000000 ffffffff 00cf9300 DPL=0 DS   [-WA]
FS =0010 00000000 ffffffff 00cf9300 DPL=0 DS   [-WA]
GS =0010 00000000 ffffffff 00cf9300 DPL=0 DS   [-WA]
LDT=0000 00000000 0000ffff 00008200 DPL=0 LDT
TR =0000 00000000 0000ffff 00008b00 DPL=0 TSS32-busy
GDT=     00007dc6 00000017
IDT=     00801000 00003fff
CR0=80000013 CR2=00000000 CR3=02010000 CR4=00000600
DR0=0000000000000000 DR1=0000000000000000 DR2=0000000000000000 DR3=0000000000000000 
DR6=00000000ffff0ff0 DR7=0000000000000400
CCS=00000004 CCD=000b802e CCO=EFLAGS
EFER=0000000000000000
Servicing hardware INT=0x09
    24: v=09 e=0000 i=0 cpl=0 IP=0008:0000000000011006 pc=0000000000011006 SP=0010:0000000000400000 env->regs[R_EAX]=0000000000000003
EAX=00000003 EBX=00000000 ECX=0000009f EDX=00000020
ESI=00007d15 EDI=02011000 EBP=00400000 ESP=00400000
EIP=00011006 EFL=00000206 [-----P-] CPL=0 II=0 A20=1 SMM=0 HLT=0
ES =0010 00000000 ffffffff 00cf9300 DPL=0 DS   [-WA]
CS =0008 00000000 ffffffff 00cf9f00 DPL=0 CS32 [CRA]
SS =0010 00000000 ffffffff 00cf9300 DPL=0 DS   [-WA]
DS =0010 00000000 ffffffff 00cf9300 DPL=0 DS   [-WA]
FS =0010 00000000 ffffffff 00cf9300 DPL=0 DS   [-WA]
GS =0010 00000000 ffffffff 00cf9300 DPL=0 DS   [-WA]
LDT=0000 00000000 0000ffff 00008200 DPL=0 LDT
TR =0000 00000000 0000ffff 00008b00 DPL=0 TSS32-busy
GDT=     00007dc6 00000017
IDT=     00801000 00003fff
CR0=80000013 CR2=00000000 CR3=02010000 CR4=00000600
DR0=0000000000000000 DR1=0000000000000000 DR2=0000000000000000 DR3=0000000000000000 
DR6=00000000ffff0ff0 DR7=0000000000000400
CCS=00000004 CCD=000b8030 CCO=EFLAGS
EFER=0000000000000000
Servicing hardware INT=0x09
    25: v=09 e=0000 i=0 cpl=0 IP=0008:0000000000011006 pc=0000000000011006 SP=0010:0000000000400000 env->regs[R_EAX]=0000000000000003
EAX=00000003 EBX=00000000 ECX=0000009f EDX=00000020
ESI=00007d15 EDI=02011000 EBP=00400000 ESP=00400000
EIP=00011006 EFL=00000206 [-----P-] CPL=0 II=0 A20=1 SMM=0 HLT=0
ES =0010 00000000 ffffffff 00cf9300 DPL=0 DS   [-WA]
CS =0008 00000000 ffffffff 00cf9f00 DPL=0 CS32 [CRA]
SS =0010 00000000 ffffffff 00cf9300 DPL=0 DS   [-WA]
DS =0010 00000000 ffffffff 00cf9300 DPL=0 DS   [-WA]
FS =0010 00000000 ffffffff 00cf9300 DPL=0 DS   [-WA]
GS =0010 00000000 ffffffff 00cf9300 DPL=0 DS   [-WA]
LDT=0000 00000000 0000ffff 00008200 DPL=0 LDT
TR =0000 00000000 0000ffff 00008b00 DPL=0 TSS32-busy
GDT=     00007dc6 00000017
IDT=     00801000 00003fff
CR0=80000013 CR2=00000000 CR3=02010000 CR4=00000600
DR0=0000000000000000 DR1=0000000000000000 DR2=0000000000000000 DR3=0000000000000000 
DR6=00000000ffff0ff0 DR7=0000000000000400
CCS=00000004 CCD=000b8032 CCO=EFLAGS
EFER=0000000000000000
Servicing hardware INT=0x09
    26: v=09 e=0000 i=0 cpl=0 IP=0008:0000000000011006 pc=0000000000011006 SP=0010:0000000000400000 env->regs[R_EAX]=0000000000000003
EAX=00000003 EBX=00000000 ECX=0000009f EDX=00000020
ESI=00007d15 EDI=02011000 EBP=00400000 ESP=00400000
EIP=00011006 EFL=00000206 [-----P-] CPL=0 II=0 A20=1 SMM=0 HLT=0
ES =0010 00000000 ffffffff 00cf9300 DPL=0 DS   [-WA]
CS =0008 00000000 ffffffff 00cf9f00 DPL=0 CS32 [CRA]
SS =0010 00000000 ffffffff 00cf9300 DPL=0 DS   [-WA]
DS =0010 00000000 ffffffff 00cf9300 DPL=0 DS   [-WA]
FS =0010 00000000 ffffffff 00cf9300 DPL=0 DS   [-WA]
GS =0010 00000000 ffffffff 00cf9300 DPL=0 DS   [-WA]
LDT=0000 00000000 0000ffff 00008200 DPL=0 LDT
TR =0000 00000000 0000ffff 00008b00 DPL=0 TSS32-busy
GDT=     00007dc6 00000017
IDT=     00801000 00003fff
CR0=80000013 CR2=00000000 CR3=02010000 CR4=00000600
DR0=0000000000000000 DR1=0000000000000000 DR2=0000000000000000 DR3=0000000000000000 
DR6=00000000ffff0ff0 DR7=0000000000000400
CCS=00000004 CCD=000b8034 CCO=EFLAGS
EFER=0000000000000000
Servicing hardware INT=0x09
    27: v=09 e=0000 i=0 cpl=0 IP=0008:0000000000011006 pc=0000000000011006 SP=0010:0000000000400000 env->regs[R_EAX]=0000000000000003
EAX=00000003 EBX=00000000 ECX=0000009f EDX=00000020
ESI=00007d15 EDI=02011000 EBP=00400000 ESP=00400000
EIP=00011006 EFL=00000206 [-----P-] CPL=0 II=0 A20=1 SMM=0 HLT=0
ES =0010 00000000 ffffffff 00cf9300 DPL=0 DS   [-WA]
CS =0008 00000000 ffffffff 00cf9f00 DPL=0 CS32 [CRA]
SS =0010 00000000 ffffffff 00cf9300 DPL=0 DS   [-WA]
DS =0010 00000000 ffffffff 00cf9300 DPL=0 DS   [-WA]
FS =0010 00000000 ffffffff 00cf9300 DPL=0 DS   [-WA]
GS =0010 00000000 ffffffff 00cf9300 DPL=0 DS   [-WA]
LDT=0000 00000000 0000ffff 00008200 DPL=0 LDT
TR =0000 00000000 0000ffff 00008b00 DPL=0 TSS32-busy
GDT=     00007dc6 00000017
IDT=     00801000 00003fff
CR0=80000013 CR2=00000000 CR3=02010000 CR4=00000600
DR0=0000000000000000 DR1=0000000000000000 DR2=0000000000000000 DR3=0000000000000000 
DR6=00000000ffff0ff0 DR7=0000000000000400
CCS=00000004 CCD=000b8036 CCO=EFLAGS
EFER=0000000000000000
Servicing hardware INT=0x09
    28: v=09 e=0000 i=0 cpl=0 IP=0008:0000000000011006 pc=0000000000011006 SP=0010:0000000000400000 env->regs[R_EAX]=0000000000000003
EAX=00000003 EBX=00000000 ECX=0000009f EDX=00000020
ESI=00007d15 EDI=02011000 EBP=00400000 ESP=00400000
EIP=00011006 EFL=00000206 [-----P-] CPL=0 II=0 A20=1 SMM=0 HLT=0
ES =0010 00000000 ffffffff 00cf9300 DPL=0 DS   [-WA]
CS =0008 00000000 ffffffff 00cf9f00 DPL=0 CS32 [CRA]
SS =0010 00000000 ffffffff 00cf9300 DPL=0 DS   [-WA]
DS =0010 00000000 ffffffff 00cf9300 DPL=0 DS   [-WA]
FS =0010 00000000 ffffffff 00cf9300 DPL=0 DS   [-WA]
GS =0010 00000000 ffffffff 00cf9300 DPL=0 DS   [-WA]
LDT=0000 00000000 0000ffff 00008200 DPL=0 LDT
TR =0000 00000000 0000ffff 00008b00 DPL=0 TSS32-busy
GDT=     00007dc6 00000017
IDT=     00801000 00003fff
CR0=80000013 CR2=00000000 CR3=02010000 CR4=00000600
DR0=0000000000000000 DR1=0000000000000000 DR2=0000000000000000 DR3=0000000000000000 
DR6=00000000ffff0ff0 DR7=0000000000000400
CCS=00000004 CCD=000b8038 CCO=EFLAGS
EFER=0000000000000000
Servicing hardware INT=0x09
    29: v=09 e=0000 i=0 cpl=0 IP=0008:0000000000011006 pc=0000000000011006 SP=0010:0000000000400000 env->regs[R_EAX]=0000000000000003
EAX=00000003 EBX=00000000 ECX=0000009f EDX=00000020
ESI=00007d15 EDI=02011000 EBP=00400000 ESP=00400000
EIP=00011006 EFL=00000206 [-----P-] CPL=0 II=0 A20=1 SMM=0 HLT=0
ES =0010 00000000 ffffffff 00cf9300 DPL=0 DS   [-WA]
CS =0008 00000000 ffffffff 00cf9f00 DPL=0 CS32 [CRA]
SS =0010 00000000 ffffffff 00cf9300 DPL=0 DS   [-WA]
DS =0010 00000000 ffffffff 00cf9300 DPL=0 DS   [-WA]
FS =0010 00000000 ffffffff 00cf9300 DPL=0 DS   [-WA]
GS =0010 00000000 ffffffff 00cf9300 DPL=0 DS   [-WA]
LDT=0000 00000000 0000ffff 00008200 DPL=0 LDT
TR =0000 00000000 0000ffff 00008b00 DPL=0 TSS32-busy
GDT=     00007dc6 00000017
IDT=     00801000 00003fff
CR0=80000013 CR2=00000000 CR3=02010000 CR4=00000600
DR0=0000000000000000 DR1=0000000000000000 DR2=0000000000000000 DR3=0000000000000000 
DR6=00000000ffff0ff0 DR7=0000000000000400
CCS=00000004 CCD=000b803a CCO=EFLAGS
EFER=0000000000000000
Servicing hardware INT=0x09
    30: v=09 e=0000 i=0 cpl=0 IP=0008:0000000000011006 pc=0000000000011006 SP=0010:0000000000400000 env->regs[R_EAX]=0000000000000003
EAX=00000003 EBX=00000000 ECX=0000009f EDX=00000020
ESI=00007d15 EDI=02011000 EBP=00400000 ESP=00400000
EIP=00011006 EFL=00000206 [-----P-] CPL=0 II=0 A20=1 SMM=0 HLT=0
ES =0010 00000000 ffffffff 00cf9300 DPL=0 DS   [-WA]
CS =0008 00000000 ffffffff 00cf9f00 DPL=0 CS32 [CRA]
SS =0010 00000000 ffffffff 00cf9300 DPL=0 DS   [-WA]
DS =0010 00000000 ffffffff 00cf9300 DPL=0 DS   [-WA]
FS =0010 00000000 ffffffff 00cf9300 DPL=0 DS   [-WA]
GS =0010 00000000 ffffffff 00cf9300 DPL=0 DS   [-WA]
LDT=0000 00000000 0000ffff 00008200 DPL=0 LDT
TR =0000 00000000 0000ffff 00008b00 DPL=0 TSS32-busy
GDT=     00007dc6 00000017
IDT=     00801000 00003fff
CR0=80000013 CR2=00000000 CR3=02010000 CR4=00000600
DR0=0000000000000000 DR1=0000000000000000 DR2=0000000000000000 DR3=0000000000000000 
DR6=00000000ffff0ff0 DR7=0000000000000400
CCS=00000004 CCD=000b803c CCO=EFLAGS
EFER=0000000000000000
Servicing hardware INT=0x09
    31: v=09 e=0000 i=0 cpl=0 IP=0008:0000000000011006 pc=0000000000011006 SP=0010:0000000000400000 env->regs[R_EAX]=0000000000000003
EAX=00000003 EBX=00000000 ECX=0000009f EDX=00000020
ESI=00007d15 EDI=02011000 EBP=00400000 ESP=00400000
EIP=00011006 EFL=00000206 [-----P-] CPL=0 II=0 A20=1 SMM=0 HLT=0
ES =0010 00000000 ffffffff 00cf9300 DPL=0 DS   [-WA]
CS =0008 00000000 ffffffff 00cf9f00 DPL=0 CS32 [CRA]
SS =0010 00000000 ffffffff 00cf9300 DPL=0 DS   [-WA]
DS =0010 00000000 ffffffff 00cf9300 DPL=0 DS   [-WA]
FS =0010 00000000 ffffffff 00cf9300 DPL=0 DS   [-WA]
GS =0010 00000000 ffffffff 00cf9300 DPL=0 DS   [-WA]
LDT=0000 00000000 0000ffff 00008200 DPL=0 LDT
TR =0000 00000000 0000ffff 00008b00 DPL=0 TSS32-busy
GDT=     00007dc6 00000017
IDT=     00801000 00003fff
CR0=80000013 CR2=00000000 CR3=02010000 CR4=00000600
DR0=0000000000000000 DR1=0000000000000000 DR2=0000000000000000 DR3=0000000000000000 
DR6=00000000ffff0ff0 DR7=0000000000000400
CCS=00000004 CCD=000b803e CCO=EFLAGS
EFER=0000000000000000
Servicing hardware INT=0x09
    32: v=09 e=0000 i=0 cpl=0 IP=0008:0000000000011006 pc=0000000000011006 SP=0010:0000000000400000 env->regs[R_EAX]=0000000000000003
EAX=00000003 EBX=00000000 ECX=0000009f EDX=00000020
ESI=00007d15 EDI=02011000 EBP=00400000 ESP=00400000
EIP=00011006 EFL=00000206 [-----P-] CPL=0 II=0 A20=1 SMM=0 HLT=0
ES =0010 00000000 ffffffff 00cf9300 DPL=0 DS   [-WA]
CS =0008 00000000 ffffffff 00cf9f00 DPL=0 CS32 [CRA]
SS =0010 00000000 ffffffff 00cf9300 DPL=0 DS   [-WA]
DS =0010 00000000 ffffffff 00cf9300 DPL=0 DS   [-WA]
FS =0010 00000000 ffffffff 00cf9300 DPL=0 DS   [-WA]
GS =0010 00000000 ffffffff 00cf9300 DPL=0 DS   [-WA]
LDT=0000 00000000 0000ffff 00008200 DPL=0 LDT
TR =0000 00000000 0000ffff 00008b00 DPL=0 TSS32-busy
GDT=     00007dc6 00000017
IDT=     00801000 00003fff
CR0=80000013 CR2=00000000 CR3=02010000 CR4=00000600
DR0=0000000000000000 DR1=0000000000000000 DR2=0000000000000000 DR3=0000000000000000 
DR6=00000000ffff0ff0 DR7=0000000000000400
CCS=00000004 CCD=000b8040 CCO=EFLAGS
EFER=0000000000000000
Servicing hardware INT=0x09
    33: v=09 e=0000 i=0 cpl=0 IP=0008:0000000000011006 pc=0000000000011006 SP=0010:0000000000400000 env->regs[R_EAX]=0000000000000003
EAX=00000003 EBX=00000000 ECX=0000009f EDX=00000020
ESI=00007d15 EDI=02011000 EBP=00400000 ESP=00400000
EIP=00011006 EFL=00000206 [-----P-] CPL=0 II=0 A20=1 SMM=0 HLT=0
ES =0010 00000000 ffffffff 00cf9300 DPL=0 DS   [-WA]
CS =0008 00000000 ffffffff 00cf9f00 DPL=0 CS32 [CRA]
SS =0010 00000000 ffffffff 00cf9300 DPL=0 DS   [-WA]
DS =0010 00000000 ffffffff 00cf9300 DPL=0 DS   [-WA]
FS =0010 00000000 ffffffff 00cf9300 DPL=0 DS   [-WA]
GS =0010 00000000 ffffffff 00cf9300 DPL=0 DS   [-WA]
LDT=0000 00000000 0000ffff 00008200 DPL=0 LDT
TR =0000 00000000 0000ffff 00008b00 DPL=0 TSS32-busy
GDT=     00007dc6 00000017
IDT=     00801000 00003fff
CR0=80000013 CR2=00000000 CR3=02010000 CR4=00000600
DR0=0000000000000000 DR1=0000000000000000 DR2=0000000000000000 DR3=0000000000000000 
DR6=00000000ffff0ff0 DR7=0000000000000400
CCS=00000004 CCD=000b8042 CCO=EFLAGS
EFER=0000000000000000
Servicing hardware INT=0x09
    34: v=09 e=0000 i=0 cpl=0 IP=0008:0000000000011006 pc=0000000000011006 SP=0010:0000000000400000 env->regs[R_EAX]=0000000000000003
EAX=00000003 EBX=00000000 ECX=0000009f EDX=00000020
ESI=00007d15 EDI=02011000 EBP=00400000 ESP=00400000
EIP=00011006 EFL=00000206 [-----P-] CPL=0 II=0 A20=1 SMM=0 HLT=0
ES =0010 00000000 ffffffff 00cf9300 DPL=0 DS   [-WA]
CS =0008 00000000 ffffffff 00cf9f00 DPL=0 CS32 [CRA]
SS =0010 00000000 ffffffff 00cf9300 DPL=0 DS   [-WA]
DS =0010 00000000 ffffffff 00cf9300 DPL=0 DS   [-WA]
FS =0010 00000000 ffffffff 00cf9300 DPL=0 DS   [-WA]
GS =0010 00000000 ffffffff 00cf9300 DPL=0 DS   [-WA]
LDT=0000 00000000 0000ffff 00008200 DPL=0 LDT
TR =0000 00000000 0000ffff 00008b00 DPL=0 TSS32-busy
GDT=     00007dc6 00000017
IDT=     00801000 00003fff
CR0=80000013 CR2=00000000 CR3=02010000 CR4=00000600
DR0=0000000000000000 DR1=0000000000000000 DR2=0000000000000000 DR3=0000000000000000 
DR6=00000000ffff0ff0 DR7=0000000000000400
CCS=00000004 CCD=000b8044 CCO=EFLAGS
EFER=0000000000000000
Servicing hardware INT=0x09
    35: v=09 e=0000 i=0 cpl=0 IP=0008:0000000000011006 pc=0000000000011006 SP=0010:0000000000400000 env->regs[R_EAX]=0000000000000003
EAX=00000003 EBX=00000000 ECX=0000009f EDX=00000020
ESI=00007d15 EDI=02011000 EBP=00400000 ESP=00400000
EIP=00011006 EFL=00000206 [-----P-] CPL=0 II=0 A20=1 SMM=0 HLT=0
ES =0010 00000000 ffffffff 00cf9300 DPL=0 DS   [-WA]
CS =0008 00000000 ffffffff 00cf9f00 DPL=0 CS32 [CRA]
SS =0010 00000000 ffffffff 00cf9300 DPL=0 DS   [-WA]
DS =0010 00000000 ffffffff 00cf9300 DPL=0 DS   [-WA]
FS =0010 00000000 ffffffff 00cf9300 DPL=0 DS   [-WA]
GS =0010 00000000 ffffffff 00cf9300 DPL=0 DS   [-WA]
LDT=0000 00000000 0000ffff 00008200 DPL=0 LDT
TR =0000 00000000 0000ffff 00008b00 DPL=0 TSS32-busy
GDT=     00007dc6 00000017
IDT=     00801000 00003fff
CR0=80000013 CR2=00000000 CR3=02010000 CR4=00000600
DR0=0000000000000000 DR1=0000000000000000 DR2=0000000000000000 DR3=0000000000000000 
DR6=00000000ffff0ff0 DR7=0000000000000400
CCS=00000004 CCD=000b8046 CCO=EFLAGS
EFER=0000000000000000
Servicing hardware INT=0x09
    36: v=09 e=0000 i=0 cpl=0 IP=0008:0000000000011006 pc=0000000000011006 SP=0010:0000000000400000 env->regs[R_EAX]=0000000000000003
EAX=00000003 EBX=00000000 ECX=0000009f EDX=00000020
ESI=00007d15 EDI=02011000 EBP=00400000 ESP=00400000
EIP=00011006 EFL=00000206 [-----P-] CPL=0 II=0 A20=1 SMM=0 HLT=0
ES =0010 00000000 ffffffff 00cf9300 DPL=0 DS   [-WA]
CS =0008 00000000 ffffffff 00cf9f00 DPL=0 CS32 [CRA]
SS =0010 00000000 ffffffff 00cf9300 DPL=0 DS   [-WA]
DS =0010 00000000 ffffffff 00cf9300 DPL=0 DS   [-WA]
FS =0010 00000000 ffffffff 00cf9300 DPL=0 DS   [-WA]
GS =0010 00000000 ffffffff 00cf9300 DPL=0 DS   [-WA]
LDT=0000 00000000 0000ffff 00008200 DPL=0 LDT
TR =0000 00000000 0000ffff 00008b00 DPL=0 TSS32-busy
GDT=     00007dc6 00000017
IDT=     00801000 00003fff
CR0=80000013 CR2=00000000 CR3=02010000 CR4=00000600
DR0=0000000000000000 DR1=0000000000000000 DR2=0000000000000000 DR3=0000000000000000 
DR6=00000000ffff0ff0 DR7=0000000000000400
CCS=00000004 CCD=000b8048 CCO=EFLAGS
EFER=0000000000000000
Servicing hardware INT=0x09
    37: v=09 e=0000 i=0 cpl=0 IP=0008:0000000000011006 pc=0000000000011006 SP=0010:0000000000400000 env->regs[R_EAX]=0000000000000003
EAX=00000003 EBX=00000000 ECX=0000009f EDX=00000020
ESI=00007d15 EDI=02011000 EBP=00400000 ESP=00400000
EIP=00011006 EFL=00000206 [-----P-] CPL=0 II=0 A20=1 SMM=0 HLT=0
ES =0010 00000000 ffffffff 00cf9300 DPL=0 DS   [-WA]
CS =0008 00000000 ffffffff 00cf9f00 DPL=0 CS32 [CRA]
SS =0010 00000000 ffffffff 00cf9300 DPL=0 DS   [-WA]
DS =0010 00000000 ffffffff 00cf9300 DPL=0 DS   [-WA]
FS =0010 00000000 ffffffff 00cf9300 DPL=0 DS   [-WA]
GS =0010 00000000 ffffffff 00cf9300 DPL=0 DS   [-WA]
LDT=0000 00000000 0000ffff 00008200 DPL=0 LDT
TR =0000 00000000 0000ffff 00008b00 DPL=0 TSS32-busy
GDT=     00007dc6 00000017
IDT=     00801000 00003fff
CR0=80000013 CR2=00000000 CR3=02010000 CR4=00000600
DR0=0000000000000000 DR1=0000000000000000 DR2=0000000000000000 DR3=0000000000000000 
DR6=00000000ffff0ff0 DR7=0000000000000400
CCS=00000004 CCD=000b804a CCO=EFLAGS
EFER=0000000000000000
Servicing hardware INT=0x09
    38: v=09 e=0000 i=0 cpl=0 IP=0008:0000000000011006 pc=0000000000011006 SP=0010:0000000000400000 env->regs[R_EAX]=0000000000000003
EAX=00000003 EBX=00000000 ECX=0000009f EDX=00000020
ESI=00007d15 EDI=02011000 EBP=00400000 ESP=00400000
EIP=00011006 EFL=00000206 [-----P-] CPL=0 II=0 A20=1 SMM=0 HLT=0
ES =0010 00000000 ffffffff 00cf9300 DPL=0 DS   [-WA]
CS =0008 00000000 ffffffff 00cf9f00 DPL=0 CS32 [CRA]
SS =0010 00000000 ffffffff 00cf9300 DPL=0 DS   [-WA]
DS =0010 00000000 ffffffff 00cf9300 DPL=0 DS   [-WA]
FS =0010 00000000 ffffffff 00cf9300 DPL=0 DS   [-WA]
GS =0010 00000000 ffffffff 00cf9300 DPL=0 DS   [-WA]
LDT=0000 00000000 0000ffff 00008200 DPL=0 LDT
TR =0000 00000000 0000ffff 00008b00 DPL=0 TSS32-busy
GDT=     00007dc6 00000017
IDT=     00801000 00003fff
CR0=80000013 CR2=00000000 CR3=02010000 CR4=00000600
DR0=0000000000000000 DR1=0000000000000000 DR2=0000000000000000 DR3=0000000000000000 
DR6=00000000ffff0ff0 DR7=0000000000000400
CCS=00000004 CCD=000b804c CCO=EFLAGS
EFER=0000000000000000
Servicing hardware INT=0x09
    39: v=09 e=0000 i=0 cpl=0 IP=0008:0000000000011006 pc=0000000000011006 SP=0010:0000000000400000 env->regs[R_EAX]=0000000000000003
EAX=00000003 EBX=00000000 ECX=0000009f EDX=00000020
ESI=00007d15 EDI=02011000 EBP=00400000 ESP=00400000
EIP=00011006 EFL=00000206 [-----P-] CPL=0 II=0 A20=1 SMM=0 HLT=0
ES =0010 00000000 ffffffff 00cf9300 DPL=0 DS   [-WA]
CS =0008 00000000 ffffffff 00cf9f00 DPL=0 CS32 [CRA]
SS =0010 00000000 ffffffff 00cf9300 DPL=0 DS   [-WA]
DS =0010 00000000 ffffffff 00cf9300 DPL=0 DS   [-WA]
FS =0010 00000000 ffffffff 00cf9300 DPL=0 DS   [-WA]
GS =0010 00000000 ffffffff 00cf9300 DPL=0 DS   [-WA]
LDT=0000 00000000 0000ffff 00008200 DPL=0 LDT
TR =0000 00000000 0000ffff 00008b00 DPL=0 TSS32-busy
GDT=     00007dc6 00000017
IDT=     00801000 00003fff
CR0=80000013 CR2=00000000 CR3=02010000 CR4=00000600
DR0=0000000000000000 DR1=0000000000000000 DR2=0000000000000000 DR3=0000000000000000 
DR6=00000000ffff0ff0 DR7=0000000000000400
CCS=00000004 CCD=000b804e CCO=EFLAGS
EFER=0000000000000000
Servicing hardware INT=0x09
    40: v=09 e=0000 i=0 cpl=0 IP=0008:0000000000011006 pc=0000000000011006 SP=0010:0000000000400000 env->regs[R_EAX]=0000000000000003
EAX=00000003 EBX=00000000 ECX=0000009f EDX=00000020
ESI=00007d15 EDI=02011000 EBP=00400000 ESP=00400000
EIP=00011006 EFL=00000206 [-----P-] CPL=0 II=0 A20=1 SMM=0 HLT=0
ES =0010 00000000 ffffffff 00cf9300 DPL=0 DS   [-WA]
CS =0008 00000000 ffffffff 00cf9f00 DPL=0 CS32 [CRA]
SS =0010 00000000 ffffffff 00cf9300 DPL=0 DS   [-WA]
DS =0010 00000000 ffffffff 00cf9300 DPL=0 DS   [-WA]
FS =0010 00000000 ffffffff 00cf9300 DPL=0 DS   [-WA]
GS =0010 00000000 ffffffff 00cf9300 DPL=0 DS   [-WA]
LDT=0000 00000000 0000ffff 00008200 DPL=0 LDT
TR =0000 00000000 0000ffff 00008b00 DPL=0 TSS32-busy
GDT=     00007dc6 00000017
IDT=     00801000 00003fff
CR0=80000013 CR2=00000000 CR3=02010000 CR4=00000600
DR0=0000000000000000 DR1=0000000000000000 DR2=0000000000000000 DR3=0000000000000000 
DR6=00000000ffff0ff0 DR7=0000000000000400
CCS=00000004 CCD=000b8050 CCO=EFLAGS
EFER=0000000000000000
Servicing hardware INT=0x09
    41: v=09 e=0000 i=0 cpl=0 IP=0008:0000000000011006 pc=0000000000011006 SP=0010:0000000000400000 env->regs[R_EAX]=0000000000000003
EAX=00000003 EBX=00000000 ECX=0000009f EDX=00000020
ESI=00007d15 EDI=02011000 EBP=00400000 ESP=00400000
EIP=00011006 EFL=00000206 [-----P-] CPL=0 II=0 A20=1 SMM=0 HLT=0
ES =0010 00000000 ffffffff 00cf9300 DPL=0 DS   [-WA]
CS =0008 00000000 ffffffff 00cf9f00 DPL=0 CS32 [CRA]
SS =0010 00000000 ffffffff 00cf9300 DPL=0 DS   [-WA]
DS =0010 00000000 ffffffff 00cf9300 DPL=0 DS   [-WA]
FS =0010 00000000 ffffffff 00cf9300 DPL=0 DS   [-WA]
GS =0010 00000000 ffffffff 00cf9300 DPL=0 DS   [-WA]
LDT=0000 00000000 0000ffff 00008200 DPL=0 LDT
TR =0000 00000000 0000ffff 00008b00 DPL=0 TSS32-busy
GDT=     00007dc6 00000017
IDT=     00801000 00003fff
CR0=80000013 CR2=00000000 CR3=02010000 CR4=00000600
DR0=0000000000000000 DR1=0000000000000000 DR2=0000000000000000 DR3=0000000000000000 
DR6=00000000ffff0ff0 DR7=0000000000000400
CCS=00000004 CCD=000b8052 CCO=EFLAGS
EFER=0000000000000000
Servicing hardware INT=0x09
    42: v=09 e=0000 i=0 cpl=0 IP=0008:0000000000011006 pc=0000000000011006 SP=0010:0000000000400000 env->regs[R_EAX]=0000000000000003
EAX=00000003 EBX=00000000 ECX=0000009f EDX=00000020
ESI=00007d15 EDI=02011000 EBP=00400000 ESP=00400000
EIP=00011006 EFL=00000206 [-----P-] CPL=0 II=0 A20=1 SMM=0 HLT=0
ES =0010 00000000 ffffffff 00cf9300 DPL=0 DS   [-WA]
CS =0008 00000000 ffffffff 00cf9f00 DPL=0 CS32 [CRA]
SS =0010 00000000 ffffffff 00cf9300 DPL=0 DS   [-WA]
DS =0010 00000000 ffffffff 00cf9300 DPL=0 DS   [-WA]
FS =0010 00000000 ffffffff 00cf9300 DPL=0 DS   [-WA]
GS =0010 00000000 ffffffff 00cf9300 DPL=0 DS   [-WA]
LDT=0000 00000000 0000ffff 00008200 DPL=0 LDT
TR =0000 00000000 0000ffff 00008b00 DPL=0 TSS32-busy
GDT=     00007dc6 00000017
IDT=     00801000 00003fff
CR0=80000013 CR2=00000000 CR3=02010000 CR4=00000600
DR0=0000000000000000 DR1=0000000000000000 DR2=0000000000000000 DR3=0000000000000000 
DR6=00000000ffff0ff0 DR7=0000000000000400
CCS=00000004 CCD=000b8054 CCO=EFLAGS
EFER=0000000000000000
Servicing hardware INT=0x09
    43: v=09 e=0000 i=0 cpl=0 IP=0008:0000000000011006 pc=0000000000011006 SP=0010:0000000000400000 env->regs[R_EAX]=0000000000000003
EAX=00000003 EBX=00000000 ECX=0000009f EDX=00000020
ESI=00007d15 EDI=02011000 EBP=00400000 ESP=00400000
EIP=00011006 EFL=00000206 [-----P-] CPL=0 II=0 A20=1 SMM=0 HLT=0
ES =0010 00000000 ffffffff 00cf9300 DPL=0 DS   [-WA]
CS =0008 00000000 ffffffff 00cf9f00 DPL=0 CS32 [CRA]
SS =0010 00000000 ffffffff 00cf9300 DPL=0 DS   [-WA]
DS =0010 00000000 ffffffff 00cf9300 DPL=0 DS   [-WA]
FS =0010 00000000 ffffffff 00cf9300 DPL=0 DS   [-WA]
GS =0010 00000000 ffffffff 00cf9300 DPL=0 DS   [-WA]
LDT=0000 00000000 0000ffff 00008200 DPL=0 LDT
TR =0000 00000000 0000ffff 00008b00 DPL=0 TSS32-busy
GDT=     00007dc6 00000017
IDT=     00801000 00003fff
CR0=80000013 CR2=00000000 CR3=02010000 CR4=00000600
DR0=0000000000000000 DR1=0000000000000000 DR2=0000000000000000 DR3=0000000000000000 
DR6=00000000ffff0ff0 DR7=0000000000000400
CCS=00000004 CCD=000b8056 CCO=EFLAGS
EFER=0000000000000000
Servicing hardware INT=0x09
    44: v=09 e=0000 i=0 cpl=0 IP=0008:0000000000011006 pc=0000000000011006 SP=0010:0000000000400000 env->regs[R_EAX]=0000000000000003
EAX=00000003 EBX=00000000 ECX=0000009f EDX=00000020
ESI=00007d15 EDI=02011000 EBP=00400000 ESP=00400000
EIP=00011006 EFL=00000206 [-----P-] CPL=0 II=0 A20=1 SMM=0 HLT=0
ES =0010 00000000 ffffffff 00cf9300 DPL=0 DS   [-WA]
CS =0008 00000000 ffffffff 00cf9f00 DPL=0 CS32 [CRA]
SS =0010 00000000 ffffffff 00cf9300 DPL=0 DS   [-WA]
DS =0010 00000000 ffffffff 00cf9300 DPL=0 DS   [-WA]
FS =0010 00000000 ffffffff 00cf9300 DPL=0 DS   [-WA]
GS =0010 00000000 ffffffff 00cf9300 DPL=0 DS   [-WA]
LDT=0000 00000000 0000ffff 00008200 DPL=0 LDT
TR =0000 00000000 0000ffff 00008b00 DPL=0 TSS32-busy
GDT=     00007dc6 00000017
IDT=     00801000 00003fff
CR0=80000013 CR2=00000000 CR3=02010000 CR4=00000600
DR0=0000000000000000 DR1=0000000000000000 DR2=0000000000000000 DR3=0000000000000000 
DR6=00000000ffff0ff0 DR7=0000000000000400
CCS=00000004 CCD=000b8058 CCO=EFLAGS
EFER=0000000000000000
Servicing hardware INT=0x09
    45: v=09 e=0000 i=0 cpl=0 IP=0008:0000000000011006 pc=0000000000011006 SP=0010:0000000000400000 env->regs[R_EAX]=0000000000000003
EAX=00000003 EBX=00000000 ECX=0000009f EDX=00000020
ESI=00007d15 EDI=02011000 EBP=00400000 ESP=00400000
EIP=00011006 EFL=00000206 [-----P-] CPL=0 II=0 A20=1 SMM=0 HLT=0
ES =0010 00000000 ffffffff 00cf9300 DPL=0 DS   [-WA]
CS =0008 00000000 ffffffff 00cf9f00 DPL=0 CS32 [CRA]
SS =0010 00000000 ffffffff 00cf9300 DPL=0 DS   [-WA]
DS =0010 00000000 ffffffff 00cf9300 DPL=0 DS   [-WA]
FS =0010 00000000 ffffffff 00cf9300 DPL=0 DS   [-WA]
GS =0010 00000000 ffffffff 00cf9300 DPL=0 DS   [-WA]
LDT=0000 00000000 0000ffff 00008200 DPL=0 LDT
TR =0000 00000000 0000ffff 00008b00 DPL=0 TSS32-busy
GDT=     00007dc6 00000017
IDT=     00801000 00003fff
CR0=80000013 CR2=00000000 CR3=02010000 CR4=00000600
DR0=0000000000000000 DR1=0000000000000000 DR2=0000000000000000 DR3=0000000000000000 
DR6=00000000ffff0ff0 DR7=0000000000000400
CCS=00000004 CCD=000b805a CCO=EFLAGS
EFER=0000000000000000
Servicing hardware INT=0x09
    46: v=09 e=0000 i=0 cpl=0 IP=0008:0000000000011006 pc=0000000000011006 SP=0010:0000000000400000 env->regs[R_EAX]=0000000000000003
EAX=00000003 EBX=00000000 ECX=0000009f EDX=00000020
ESI=00007d15 EDI=02011000 EBP=00400000 ESP=00400000
EIP=00011006 EFL=00000206 [-----P-] CPL=0 II=0 A20=1 SMM=0 HLT=0
ES =0010 00000000 ffffffff 00cf9300 DPL=0 DS   [-WA]
CS =0008 00000000 ffffffff 00cf9f00 DPL=0 CS32 [CRA]
SS =0010 00000000 ffffffff 00cf9300 DPL=0 DS   [-WA]
DS =0010 00000000 ffffffff 00cf9300 DPL=0 DS   [-WA]
FS =0010 00000000 ffffffff 00cf9300 DPL=0 DS   [-WA]
GS =0010 00000000 ffffffff 00cf9300 DPL=0 DS   [-WA]
LDT=0000 00000000 0000ffff 00008200 DPL=0 LDT
TR =0000 00000000 0000ffff 00008b00 DPL=0 TSS32-busy
GDT=     00007dc6 00000017
IDT=     00801000 00003fff
CR0=80000013 CR2=00000000 CR3=02010000 CR4=00000600
DR0=0000000000000000 DR1=0000000000000000 DR2=0000000000000000 DR3=0000000000000000 
DR6=00000000ffff0ff0 DR7=0000000000000400
CCS=00000004 CCD=000b805c CCO=EFLAGS
EFER=0000000000000000
Servicing hardware INT=0x09
    47: v=09 e=0000 i=0 cpl=0 IP=0008:0000000000011006 pc=0000000000011006 SP=0010:0000000000400000 env->regs[R_EAX]=0000000000000003
EAX=00000003 EBX=00000000 ECX=0000009f EDX=00000020
ESI=00007d15 EDI=02011000 EBP=00400000 ESP=00400000
EIP=00011006 EFL=00000206 [-----P-] CPL=0 II=0 A20=1 SMM=0 HLT=0
ES =0010 00000000 ffffffff 00cf9300 DPL=0 DS   [-WA]
CS =0008 00000000 ffffffff 00cf9f00 DPL=0 CS32 [CRA]
SS =0010 00000000 ffffffff 00cf9300 DPL=0 DS   [-WA]
DS =0010 00000000 ffffffff 00cf9300 DPL=0 DS   [-WA]
FS =0010 00000000 ffffffff 00cf9300 DPL=0 DS   [-WA]
GS =0010 00000000 ffffffff 00cf9300 DPL=0 DS   [-WA]
LDT=0000 00000000 0000ffff 00008200 DPL=0 LDT
TR =0000 00000000 0000ffff 00008b00 DPL=0 TSS32-busy
GDT=     00007dc6 00000017
IDT=     00801000 00003fff
CR0=80000013 CR2=00000000 CR3=02010000 CR4=00000600
DR0=0000000000000000 DR1=0000000000000000 DR2=0000000000000000 DR3=0000000000000000 
DR6=00000000ffff0ff0 DR7=0000000000000400
CCS=00000004 CCD=000b805e CCO=EFLAGS
EFER=0000000000000000
Servicing hardware INT=0x09
    48: v=09 e=0000 i=0 cpl=0 IP=0008:0000000000011006 pc=0000000000011006 SP=0010:0000000000400000 env->regs[R_EAX]=0000000000000003
EAX=00000003 EBX=00000000 ECX=0000009f EDX=00000020
ESI=00007d15 EDI=02011000 EBP=00400000 ESP=00400000
EIP=00011006 EFL=00000206 [-----P-] CPL=0 II=0 A20=1 SMM=0 HLT=0
ES =0010 00000000 ffffffff 00cf9300 DPL=0 DS   [-WA]
CS =0008 00000000 ffffffff 00cf9f00 DPL=0 CS32 [CRA]
SS =0010 00000000 ffffffff 00cf9300 DPL=0 DS   [-WA]
DS =0010 00000000 ffffffff 00cf9300 DPL=0 DS   [-WA]
FS =0010 00000000 ffffffff 00cf9300 DPL=0 DS   [-WA]
GS =0010 00000000 ffffffff 00cf9300 DPL=0 DS   [-WA]
LDT=0000 00000000 0000ffff 00008200 DPL=0 LDT
TR =0000 00000000 0000ffff 00008b00 DPL=0 TSS32-busy
GDT=     00007dc6 00000017
IDT=     00801000 00003fff
CR0=80000013 CR2=00000000 CR3=02010000 CR4=00000600
DR0=0000000000000000 DR1=0000000000000000 DR2=0000000000000000 DR3=0000000000000000 
DR6=00000000ffff0ff0 DR7=0000000000000400
CCS=00000004 CCD=000b8060 CCO=EFLAGS
EFER=0000000000000000
Servicing hardware INT=0x09
    49: v=09 e=0000 i=0 cpl=0 IP=0008:0000000000011006 pc=0000000000011006 SP=0010:0000000000400000 env->regs[R_EAX]=0000000000000003
EAX=00000003 EBX=00000000 ECX=0000009f EDX=00000020
ESI=00007d15 EDI=02011000 EBP=00400000 ESP=00400000
EIP=00011006 EFL=00000206 [-----P-] CPL=0 II=0 A20=1 SMM=0 HLT=0
ES =0010 00000000 ffffffff 00cf9300 DPL=0 DS   [-WA]
CS =0008 00000000 ffffffff 00cf9f00 DPL=0 CS32 [CRA]
SS =0010 00000000 ffffffff 00cf9300 DPL=0 DS   [-WA]
DS =0010 00000000 ffffffff 00cf9300 DPL=0 DS   [-WA]
FS =0010 00000000 ffffffff 00cf9300 DPL=0 DS   [-WA]
GS =0010 00000000 ffffffff 00cf9300 DPL=0 DS   [-WA]
LDT=0000 00000000 0000ffff 00008200 DPL=0 LDT
TR =0000 00000000 0000ffff 00008b00 DPL=0 TSS32-busy
GDT=     00007dc6 00000017
IDT=     00801000 00003fff
CR0=80000013 CR2=00000000 CR3=02010000 CR4=00000600
DR0=0000000000000000 DR1=0000000000000000 DR2=0000000000000000 DR3=0000000000000000 
DR6=00000000ffff0ff0 DR7=0000000000000400
CCS=00000004 CCD=000b8062 CCO=EFLAGS
EFER=0000000000000000
Servicing hardware INT=0x09
    50: v=09 e=0000 i=0 cpl=0 IP=0008:0000000000011006 pc=0000000000011006 SP=0010:0000000000400000 env->regs[R_EAX]=0000000000000003
EAX=00000003 EBX=00000000 ECX=0000009f EDX=00000020
ESI=00007d15 EDI=02011000 EBP=00400000 ESP=00400000
EIP=00011006 EFL=00000206 [-----P-] CPL=0 II=0 A20=1 SMM=0 HLT=0
ES =0010 00000000 ffffffff 00cf9300 DPL=0 DS   [-WA]
CS =0008 00000000 ffffffff 00cf9f00 DPL=0 CS32 [CRA]
SS =0010 00000000 ffffffff 00cf9300 DPL=0 DS   [-WA]
DS =0010 00000000 ffffffff 00cf9300 DPL=0 DS   [-WA]
FS =0010 00000000 ffffffff 00cf9300 DPL=0 DS   [-WA]
GS =0010 00000000 ffffffff 00cf9300 DPL=0 DS   [-WA]
LDT=0000 00000000 0000ffff 00008200 DPL=0 LDT
TR =0000 00000000 0000ffff 00008b00 DPL=0 TSS32-busy
GDT=     00007dc6 00000017
IDT=     00801000 00003fff
CR0=80000013 CR2=00000000 CR3=02010000 CR4=00000600
DR0=0000000000000000 DR1=0000000000000000 DR2=0000000000000000 DR3=0000000000000000 
DR6=00000000ffff0ff0 DR7=0000000000000400
CCS=00000004 CCD=000b8064 CCO=EFLAGS
EFER=0000000000000000
Servicing hardware INT=0x09
    51: v=09 e=0000 i=0 cpl=0 IP=0008:0000000000011006 pc=0000000000011006 SP=0010:0000000000400000 env->regs[R_EAX]=0000000000000003
EAX=00000003 EBX=00000000 ECX=0000009f EDX=00000020
ESI=00007d15 EDI=02011000 EBP=00400000 ESP=00400000
EIP=00011006 EFL=00000206 [-----P-] CPL=0 II=0 A20=1 SMM=0 HLT=0
ES =0010 00000000 ffffffff 00cf9300 DPL=0 DS   [-WA]
CS =0008 00000000 ffffffff 00cf9f00 DPL=0 CS32 [CRA]
SS =0010 00000000 ffffffff 00cf9300 DPL=0 DS   [-WA]
DS =0010 00000000 ffffffff 00cf9300 DPL=0 DS   [-WA]
FS =0010 00000000 ffffffff 00cf9300 DPL=0 DS   [-WA]
GS =0010 00000000 ffffffff 00cf9300 DPL=0 DS   [-WA]
LDT=0000 00000000 0000ffff 00008200 DPL=0 LDT
TR =0000 00000000 0000ffff 00008b00 DPL=0 TSS32-busy
GDT=     00007dc6 00000017
IDT=     00801000 00003fff
CR0=80000013 CR2=00000000 CR3=02010000 CR4=00000600
DR0=0000000000000000 DR1=0000000000000000 DR2=0000000000000000 DR3=0000000000000000 
DR6=00000000ffff0ff0 DR7=0000000000000400
CCS=00000004 CCD=000b8066 CCO=EFLAGS
EFER=0000000000000000
Servicing hardware INT=0x09
    52: v=09 e=0000 i=0 cpl=0 IP=0008:0000000000011006 pc=0000000000011006 SP=0010:0000000000400000 env->regs[R_EAX]=0000000000000003
EAX=00000003 EBX=00000000 ECX=0000009f EDX=00000020
ESI=00007d15 EDI=02011000 EBP=00400000 ESP=00400000
EIP=00011006 EFL=00000206 [-----P-] CPL=0 II=0 A20=1 SMM=0 HLT=0
ES =0010 00000000 ffffffff 00cf9300 DPL=0 DS   [-WA]
CS =0008 00000000 ffffffff 00cf9f00 DPL=0 CS32 [CRA]
SS =0010 00000000 ffffffff 00cf9300 DPL=0 DS   [-WA]
DS =0010 00000000 ffffffff 00cf9300 DPL=0 DS   [-WA]
FS =0010 00000000 ffffffff 00cf9300 DPL=0 DS   [-WA]
GS =0010 00000000 ffffffff 00cf9300 DPL=0 DS   [-WA]
LDT=0000 00000000 0000ffff 00008200 DPL=0 LDT
TR =0000 00000000 0000ffff 00008b00 DPL=0 TSS32-busy
GDT=     00007dc6 00000017
IDT=     00801000 00003fff
CR0=80000013 CR2=00000000 CR3=02010000 CR4=00000600
DR0=0000000000000000 DR1=0000000000000000 DR2=0000000000000000 DR3=0000000000000000 
DR6=00000000ffff0ff0 DR7=0000000000000400
CCS=00000004 CCD=000b8068 CCO=EFLAGS
EFER=0000000000000000
Servicing hardware INT=0x09
    53: v=09 e=0000 i=0 cpl=0 IP=0008:0000000000011006 pc=0000000000011006 SP=0010:0000000000400000 env->regs[R_EAX]=0000000000000003
EAX=00000003 EBX=00000000 ECX=0000009f EDX=00000020
ESI=00007d15 EDI=02011000 EBP=00400000 ESP=00400000
EIP=00011006 EFL=00000206 [-----P-] CPL=0 II=0 A20=1 SMM=0 HLT=0
ES =0010 00000000 ffffffff 00cf9300 DPL=0 DS   [-WA]
CS =0008 00000000 ffffffff 00cf9f00 DPL=0 CS32 [CRA]
SS =0010 00000000 ffffffff 00cf9300 DPL=0 DS   [-WA]
DS =0010 00000000 ffffffff 00cf9300 DPL=0 DS   [-WA]
FS =0010 00000000 ffffffff 00cf9300 DPL=0 DS   [-WA]
GS =0010 00000000 ffffffff 00cf9300 DPL=0 DS   [-WA]
LDT=0000 00000000 0000ffff 00008200 DPL=0 LDT
TR =0000 00000000 0000ffff 00008b00 DPL=0 TSS32-busy
GDT=     00007dc6 00000017
IDT=     00801000 00003fff
CR0=80000013 CR2=00000000 CR3=02010000 CR4=00000600
DR0=0000000000000000 DR1=0000000000000000 DR2=0000000000000000 DR3=0000000000000000 
DR6=00000000ffff0ff0 DR7=0000000000000400
CCS=00000004 CCD=000b806a CCO=EFLAGS
EFER=0000000000000000
Servicing hardware INT=0x09
    54: v=09 e=0000 i=0 cpl=0 IP=0008:0000000000011006 pc=0000000000011006 SP=0010:0000000000400000 env->regs[R_EAX]=0000000000000003
EAX=00000003 EBX=00000000 ECX=0000009f EDX=00000020
ESI=00007d15 EDI=02011000 EBP=00400000 ESP=00400000
EIP=00011006 EFL=00000206 [-----P-] CPL=0 II=0 A20=1 SMM=0 HLT=0
ES =0010 00000000 ffffffff 00cf9300 DPL=0 DS   [-WA]
CS =0008 00000000 ffffffff 00cf9f00 DPL=0 CS32 [CRA]
SS =0010 00000000 ffffffff 00cf9300 DPL=0 DS   [-WA]
DS =0010 00000000 ffffffff 00cf9300 DPL=0 DS   [-WA]
FS =0010 00000000 ffffffff 00cf9300 DPL=0 DS   [-WA]
GS =0010 00000000 ffffffff 00cf9300 DPL=0 DS   [-WA]
LDT=0000 00000000 0000ffff 00008200 DPL=0 LDT
TR =0000 00000000 0000ffff 00008b00 DPL=0 TSS32-busy
GDT=     00007dc6 00000017
IDT=     00801000 00003fff
CR0=80000013 CR2=00000000 CR3=02010000 CR4=00000600
DR0=0000000000000000 DR1=0000000000000000 DR2=0000000000000000 DR3=0000000000000000 
DR6=00000000ffff0ff0 DR7=0000000000000400
CCS=00000004 CCD=000b806c CCO=EFLAGS
EFER=0000000000000000
Servicing hardware INT=0x09
    55: v=09 e=0000 i=0 cpl=0 IP=0008:0000000000011006 pc=0000000000011006 SP=0010:0000000000400000 env->regs[R_EAX]=0000000000000003
EAX=00000003 EBX=00000000 ECX=0000009f EDX=00000020
ESI=00007d15 EDI=02011000 EBP=00400000 ESP=00400000
EIP=00011006 EFL=00000206 [-----P-] CPL=0 II=0 A20=1 SMM=0 HLT=0
ES =0010 00000000 ffffffff 00cf9300 DPL=0 DS   [-WA]
CS =0008 00000000 ffffffff 00cf9f00 DPL=0 CS32 [CRA]
SS =0010 00000000 ffffffff 00cf9300 DPL=0 DS   [-WA]
DS =0010 00000000 ffffffff 00cf9300 DPL=0 DS   [-WA]
FS =0010 00000000 ffffffff 00cf9300 DPL=0 DS   [-WA]
GS =0010 00000000 ffffffff 00cf9300 DPL=0 DS   [-WA]
LDT=0000 00000000 0000ffff 00008200 DPL=0 LDT
TR =0000 00000000 0000ffff 00008b00 DPL=0 TSS32-busy
GDT=     00007dc6 00000017
IDT=     00801000 00003fff
CR0=80000013 CR2=00000000 CR3=02010000 CR4=00000600
DR0=0000000000000000 DR1=0000000000000000 DR2=0000000000000000 DR3=0000000000000000 
DR6=00000000ffff0ff0 DR7=0000000000000400
CCS=00000004 CCD=000b806e CCO=EFLAGS
EFER=0000000000000000
Servicing hardware INT=0x09
    56: v=09 e=0000 i=0 cpl=0 IP=0008:0000000000011006 pc=0000000000011006 SP=0010:0000000000400000 env->regs[R_EAX]=0000000000000003
EAX=00000003 EBX=00000000 ECX=0000009f EDX=00000020
ESI=00007d15 EDI=02011000 EBP=00400000 ESP=00400000
EIP=00011006 EFL=00000206 [-----P-] CPL=0 II=0 A20=1 SMM=0 HLT=0
ES =0010 00000000 ffffffff 00cf9300 DPL=0 DS   [-WA]
CS =0008 00000000 ffffffff 00cf9f00 DPL=0 CS32 [CRA]
SS =0010 00000000 ffffffff 00cf9300 DPL=0 DS   [-WA]
DS =0010 00000000 ffffffff 00cf9300 DPL=0 DS   [-WA]
FS =0010 00000000 ffffffff 00cf9300 DPL=0 DS   [-WA]
GS =0010 00000000 ffffffff 00cf9300 DPL=0 DS   [-WA]
LDT=0000 00000000 0000ffff 00008200 DPL=0 LDT
TR =0000 00000000 0000ffff 00008b00 DPL=0 TSS32-busy
GDT=     00007dc6 00000017
IDT=     00801000 00003fff
CR0=80000013 CR2=00000000 CR3=02010000 CR4=00000600
DR0=0000000000000000 DR1=0000000000000000 DR2=0000000000000000 DR3=0000000000000000 
DR6=00000000ffff0ff0 DR7=0000000000000400
CCS=00000004 CCD=000b8070 CCO=EFLAGS
EFER=0000000000000000
Servicing hardware INT=0x09
    57: v=09 e=0000 i=0 cpl=0 IP=0008:0000000000011006 pc=0000000000011006 SP=0010:0000000000400000 env->regs[R_EAX]=0000000000000003
EAX=00000003 EBX=00000000 ECX=0000009f EDX=00000020
ESI=00007d15 EDI=02011000 EBP=00400000 ESP=00400000
EIP=00011006 EFL=00000206 [-----P-] CPL=0 II=0 A20=1 SMM=0 HLT=0
ES =0010 00000000 ffffffff 00cf9300 DPL=0 DS   [-WA]
CS =0008 00000000 ffffffff 00cf9f00 DPL=0 CS32 [CRA]
SS =0010 00000000 ffffffff 00cf9300 DPL=0 DS   [-WA]
DS =0010 00000000 ffffffff 00cf9300 DPL=0 DS   [-WA]
FS =0010 00000000 ffffffff 00cf9300 DPL=0 DS   [-WA]
GS =0010 00000000 ffffffff 00cf9300 DPL=0 DS   [-WA]
LDT=0000 00000000 0000ffff 00008200 DPL=0 LDT
TR =0000 00000000 0000ffff 00008b00 DPL=0 TSS32-busy
GDT=     00007dc6 00000017
IDT=     00801000 00003fff
CR0=80000013 CR2=00000000 CR3=02010000 CR4=00000600
DR0=0000000000000000 DR1=0000000000000000 DR2=0000000000000000 DR3=0000000000000000 
DR6=00000000ffff0ff0 DR7=0000000000000400
CCS=00000004 CCD=000b8072 CCO=EFLAGS
EFER=0000000000000000
Servicing hardware INT=0x09
    58: v=09 e=0000 i=0 cpl=0 IP=0008:0000000000011006 pc=0000000000011006 SP=0010:0000000000400000 env->regs[R_EAX]=0000000000000003
EAX=00000003 EBX=00000000 ECX=0000009f EDX=00000020
ESI=00007d15 EDI=02011000 EBP=00400000 ESP=00400000
EIP=00011006 EFL=00000206 [-----P-] CPL=0 II=0 A20=1 SMM=0 HLT=0
ES =0010 00000000 ffffffff 00cf9300 DPL=0 DS   [-WA]
CS =0008 00000000 ffffffff 00cf9f00 DPL=0 CS32 [CRA]
SS =0010 00000000 ffffffff 00cf9300 DPL=0 DS   [-WA]
DS =0010 00000000 ffffffff 00cf9300 DPL=0 DS   [-WA]
FS =0010 00000000 ffffffff 00cf9300 DPL=0 DS   [-WA]
GS =0010 00000000 ffffffff 00cf9300 DPL=0 DS   [-WA]
LDT=0000 00000000 0000ffff 00008200 DPL=0 LDT
TR =0000 00000000 0000ffff 00008b00 DPL=0 TSS32-busy
GDT=     00007dc6 00000017
IDT=     00801000 00003fff
CR0=80000013 CR2=00000000 CR3=02010000 CR4=00000600
DR0=0000000000000000 DR1=0000000000000000 DR2=0000000000000000 DR3=0000000000000000 
DR6=00000000ffff0ff0 DR7=0000000000000400
CCS=00000004 CCD=000b8074 CCO=EFLAGS
EFER=0000000000000000
Servicing hardware INT=0x09
    59: v=09 e=0000 i=0 cpl=0 IP=0008:0000000000011006 pc=0000000000011006 SP=0010:0000000000400000 env->regs[R_EAX]=0000000000000003
EAX=00000003 EBX=00000000 ECX=0000009f EDX=00000020
ESI=00007d15 EDI=02011000 EBP=00400000 ESP=00400000
EIP=00011006 EFL=00000206 [-----P-] CPL=0 II=0 A20=1 SMM=0 HLT=0
ES =0010 00000000 ffffffff 00cf9300 DPL=0 DS   [-WA]
CS =0008 00000000 ffffffff 00cf9f00 DPL=0 CS32 [CRA]
SS =0010 00000000 ffffffff 00cf9300 DPL=0 DS   [-WA]
DS =0010 00000000 ffffffff 00cf9300 DPL=0 DS   [-WA]
FS =0010 00000000 ffffffff 00cf9300 DPL=0 DS   [-WA]
GS =0010 00000000 ffffffff 00cf9300 DPL=0 DS   [-WA]
LDT=0000 00000000 0000ffff 00008200 DPL=0 LDT
TR =0000 00000000 0000ffff 00008b00 DPL=0 TSS32-busy
GDT=     00007dc6 00000017
IDT=     00801000 00003fff
CR0=80000013 CR2=00000000 CR3=02010000 CR4=00000600
DR0=0000000000000000 DR1=0000000000000000 DR2=0000000000000000 DR3=0000000000000000 
DR6=00000000ffff0ff0 DR7=0000000000000400
CCS=00000004 CCD=000b8076 CCO=EFLAGS
EFER=0000000000000000
Servicing hardware INT=0x09
    60: v=09 e=0000 i=0 cpl=0 IP=0008:0000000000011006 pc=0000000000011006 SP=0010:0000000000400000 env->regs[R_EAX]=0000000000000003
EAX=00000003 EBX=00000000 ECX=0000009f EDX=00000020
ESI=00007d15 EDI=02011000 EBP=00400000 ESP=00400000
EIP=00011006 EFL=00000206 [-----P-] CPL=0 II=0 A20=1 SMM=0 HLT=0
ES =0010 00000000 ffffffff 00cf9300 DPL=0 DS   [-WA]
CS =0008 00000000 ffffffff 00cf9f00 DPL=0 CS32 [CRA]
SS =0010 00000000 ffffffff 00cf9300 DPL=0 DS   [-WA]
DS =0010 00000000 ffffffff 00cf9300 DPL=0 DS   [-WA]
FS =0010 00000000 ffffffff 00cf9300 DPL=0 DS   [-WA]
GS =0010 00000000 ffffffff 00cf9300 DPL=0 DS   [-WA]
LDT=0000 00000000 0000ffff 00008200 DPL=0 LDT
TR =0000 00000000 0000ffff 00008b00 DPL=0 TSS32-busy
GDT=     00007dc6 00000017
IDT=     00801000 00003fff
CR0=80000013 CR2=00000000 CR3=02010000 CR4=00000600
DR0=0000000000000000 DR1=0000000000000000 DR2=0000000000000000 DR3=0000000000000000 
DR6=00000000ffff0ff0 DR7=0000000000000400
CCS=00000004 CCD=000b8078 CCO=EFLAGS
EFER=0000000000000000
Servicing hardware INT=0x09
    61: v=09 e=0000 i=0 cpl=0 IP=0008:0000000000011006 pc=0000000000011006 SP=0010:0000000000400000 env->regs[R_EAX]=0000000000000003
EAX=00000003 EBX=00000000 ECX=0000009f EDX=00000020
ESI=00007d15 EDI=02011000 EBP=00400000 ESP=00400000
EIP=00011006 EFL=00000206 [-----P-] CPL=0 II=0 A20=1 SMM=0 HLT=0
ES =0010 00000000 ffffffff 00cf9300 DPL=0 DS   [-WA]
CS =0008 00000000 ffffffff 00cf9f00 DPL=0 CS32 [CRA]
SS =0010 00000000 ffffffff 00cf9300 DPL=0 DS   [-WA]
DS =0010 00000000 ffffffff 00cf9300 DPL=0 DS   [-WA]
FS =0010 00000000 ffffffff 00cf9300 DPL=0 DS   [-WA]
GS =0010 00000000 ffffffff 00cf9300 DPL=0 DS   [-WA]
LDT=0000 00000000 0000ffff 00008200 DPL=0 LDT
TR =0000 00000000 0000ffff 00008b00 DPL=0 TSS32-busy
GDT=     00007dc6 00000017
IDT=     00801000 00003fff
CR0=80000013 CR2=00000000 CR3=02010000 CR4=00000600
DR0=0000000000000000 DR1=0000000000000000 DR2=0000000000000000 DR3=0000000000000000 
DR6=00000000ffff0ff0 DR7=0000000000000400
CCS=00000004 CCD=000b807a CCO=EFLAGS
EFER=0000000000000000
Servicing hardware INT=0x09
    62: v=09 e=0000 i=0 cpl=0 IP=0008:0000000000011006 pc=0000000000011006 SP=0010:0000000000400000 env->regs[R_EAX]=0000000000000003
EAX=00000003 EBX=00000000 ECX=0000009f EDX=00000020
ESI=00007d15 EDI=02011000 EBP=00400000 ESP=00400000
EIP=00011006 EFL=00000206 [-----P-] CPL=0 II=0 A20=1 SMM=0 HLT=0
ES =0010 00000000 ffffffff 00cf9300 DPL=0 DS   [-WA]
CS =0008 00000000 ffffffff 00cf9f00 DPL=0 CS32 [CRA]
SS =0010 00000000 ffffffff 00cf9300 DPL=0 DS   [-WA]
DS =0010 00000000 ffffffff 00cf9300 DPL=0 DS   [-WA]
FS =0010 00000000 ffffffff 00cf9300 DPL=0 DS   [-WA]
GS =0010 00000000 ffffffff 00cf9300 DPL=0 DS   [-WA]
LDT=0000 00000000 0000ffff 00008200 DPL=0 LDT
TR =0000 00000000 0000ffff 00008b00 DPL=0 TSS32-busy
GDT=     00007dc6 00000017
IDT=     00801000 00003fff
CR0=80000013 CR2=00000000 CR3=02010000 CR4=00000600
DR0=0000000000000000 DR1=0000000000000000 DR2=0000000000000000 DR3=0000000000000000 
DR6=00000000ffff0ff0 DR7=0000000000000400
CCS=00000004 CCD=000b807c CCO=EFLAGS
EFER=0000000000000000
Servicing hardware INT=0x09
    63: v=09 e=0000 i=0 cpl=0 IP=0008:0000000000011006 pc=0000000000011006 SP=0010:0000000000400000 env->regs[R_EAX]=0000000000000003
EAX=00000003 EBX=00000000 ECX=0000009f EDX=00000020
ESI=00007d15 EDI=02011000 EBP=00400000 ESP=00400000
EIP=00011006 EFL=00000206 [-----P-] CPL=0 II=0 A20=1 SMM=0 HLT=0
ES =0010 00000000 ffffffff 00cf9300 DPL=0 DS   [-WA]
CS =0008 00000000 ffffffff 00cf9f00 DPL=0 CS32 [CRA]
SS =0010 00000000 ffffffff 00cf9300 DPL=0 DS   [-WA]
DS =0010 00000000 ffffffff 00cf9300 DPL=0 DS   [-WA]
FS =0010 00000000 ffffffff 00cf9300 DPL=0 DS   [-WA]
GS =0010 00000000 ffffffff 00cf9300 DPL=0 DS   [-WA]
LDT=0000 00000000 0000ffff 00008200 DPL=0 LDT
TR =0000 00000000 0000ffff 00008b00 DPL=0 TSS32-busy
GDT=     00007dc6 00000017
IDT=     00801000 00003fff
CR0=80000013 CR2=00000000 CR3=02010000 CR4=00000600
DR0=0000000000000000 DR1=0000000000000000 DR2=0000000000000000 DR3=0000000000000000 
DR6=00000000ffff0ff0 DR7=0000000000000400
CCS=00000004 CCD=000b807e CCO=EFLAGS
EFER=0000000000000000
